Using pre-set license
Built from '2021.3/staging' branch; Version is '2021.3.8f1 (b30333d56e81) revision 11731763'; Using compiler version '192829333'; Build Type 'Release'
OS: 'Windows 11  (10.0.22000) 64bit Core' Language: 'en' Physical Memory: 16218 MB
BatchMode: 1, IsHumanControllingUs: 0, StartBugReporterOnCrash: 0, Is64bit: 1, IsPro: 1

COMMAND LINE ARGUMENTS:
C:\Program Files\Unity\Hub\Editor\2021.3.8f1\Editor\Unity.exe
-adb2
-batchMode
-noUpm
-name
AssetImportWorker1
-projectPath
C:/Users/jvish/OneDrive/Pictures/Documents/HW2/GJ #2
-logFile
Logs/AssetImportWorker1.log
-srvPort
60027
Successfully changed project path to: C:/Users/jvish/OneDrive/Pictures/Documents/HW2/GJ #2
C:/Users/jvish/OneDrive/Pictures/Documents/HW2/GJ #2
[UnityMemory] Configuration Parameters - Can be set up in boot.config
    "memorysetup-bucket-allocator-granularity=16"
    "memorysetup-bucket-allocator-bucket-count=8"
    "memorysetup-bucket-allocator-block-size=33554432"
    "memorysetup-bucket-allocator-block-count=8"
    "memorysetup-main-allocator-block-size=16777216"
    "memorysetup-thread-allocator-block-size=16777216"
    "memorysetup-gfx-main-allocator-block-size=16777216"
    "memorysetup-gfx-thread-allocator-block-size=16777216"
    "memorysetup-cache-allocator-block-size=4194304"
    "memorysetup-typetree-allocator-block-size=2097152"
    "memorysetup-profiler-bucket-allocator-granularity=16"
    "memorysetup-profiler-bucket-allocator-bucket-count=8"
    "memorysetup-profiler-bucket-allocator-block-size=33554432"
    "memorysetup-profiler-bucket-allocator-block-count=8"
    "memorysetup-profiler-allocator-block-size=16777216"
    "memorysetup-profiler-editor-allocator-block-size=1048576"
    "memorysetup-temp-allocator-size-main=16777216"
    "memorysetup-job-temp-allocator-block-size=2097152"
    "memorysetup-job-temp-allocator-block-size-background=1048576"
    "memorysetup-job-temp-allocator-reduction-small-platforms=262144"
    "memorysetup-temp-allocator-size-background-worker=32768"
    "memorysetup-temp-allocator-size-job-worker=262144"
    "memorysetup-temp-allocator-size-preload-manager=33554432"
    "memorysetup-temp-allocator-size-nav-mesh-worker=65536"
    "memorysetup-temp-allocator-size-audio-worker=65536"
    "memorysetup-temp-allocator-size-cloud-worker=32768"
    "memorysetup-temp-allocator-size-gi-baking-worker=262144"
    "memorysetup-temp-allocator-size-gfx=262144"
Refreshing native plugins compatible for Editor in 129.49 ms, found 3 plugins.
Preloading 0 native plugins for Editor in 0.00 ms.
Initialize engine version: 2021.3.8f1 (b30333d56e81)
[Subsystems] Discovering subsystems at path C:/Program Files/Unity/Hub/Editor/2021.3.8f1/Editor/Data/Resources/UnitySubsystems
[Subsystems] Discovering subsystems at path C:/Users/jvish/OneDrive/Pictures/Documents/HW2/GJ #2/Assets
GfxDevice: creating device client; threaded=0; jobified=0
Direct3D:
    Version:  Direct3D 11.0 [level 11.1]
    Renderer: Intel(R) UHD Graphics 620 (ID=0x5917)
    Vendor:   Intel
    VRAM:     8109 MB
    Driver:   27.20.100.8854
Initialize mono
Mono path[0] = 'C:/Program Files/Unity/Hub/Editor/2021.3.8f1/Editor/Data/Managed'
Mono path[1] = 'C:/Program Files/Unity/Hub/Editor/2021.3.8f1/Editor/Data/MonoBleedingEdge/lib/mono/unityjit-win32'
Mono config path = 'C:/Program Files/Unity/Hub/Editor/2021.3.8f1/Editor/Data/MonoBleedingEdge/etc'
Using monoOptions --debugger-agent=transport=dt_socket,embedding=1,server=y,suspend=n,address=127.0.0.1:56292
Begin MonoManager ReloadAssembly
Registering precompiled unity dll's ...
Register platform support module: C:/Program Files/Unity/Hub/Editor/2021.3.8f1/Editor/Data/PlaybackEngines/WindowsStandaloneSupport/UnityEditor.WindowsStandalone.Extensions.dll
Registered in 0.008643 seconds.
Native extension for WindowsStandalone target not found
Refreshing native plugins compatible for Editor in 116.21 ms, found 3 plugins.
Preloading 0 native plugins for Editor in 0.00 ms.
Mono: successfully reloaded assembly
- Completed reload, in  0.873 seconds
Domain Reload Profiling:
	ReloadAssembly (874ms)
		BeginReloadAssembly (96ms)
			ExecutionOrderSort (0ms)
			DisableScriptedObjects (0ms)
			BackupInstance (0ms)
			ReleaseScriptingObjects (0ms)
			CreateAndSetChildDomain (1ms)
		EndReloadAssembly (636ms)
			LoadAssemblies (93ms)
			RebuildTransferFunctionScriptingTraits (0ms)
			SetupTypeCache (134ms)
			ReleaseScriptCaches (0ms)
			RebuildScriptCaches (36ms)
			SetupLoadedEditorAssemblies (398ms)
				LogAssemblyErrors (0ms)
				InitializePlatformSupportModulesInManaged (13ms)
				SetLoadedEditorAssemblies (0ms)
				RefreshPlugins (116ms)
				BeforeProcessingInitializeOnLoad (1ms)
				ProcessInitializeOnLoadAttributes (184ms)
				ProcessInitializeOnLoadMethodAttributes (82ms)
				AfterProcessingInitializeOnLoad (0ms)
				EditorAssembliesLoaded (0ms)
			ExecutionOrderSort2 (0ms)
			AwakeInstancesAfterBackupRestoration (0ms)
Platform modules already initialized, skipping
Registering precompiled user dll's ...
Registered in 0.014508 seconds.
Begin MonoManager ReloadAssembly
Symbol file LoadedFromMemory doesn't match image C:\Users\jvish\OneDrive\Pictures\Documents\HW2\GJ #2\Library\PackageCache\com.unity.visualscripting@1.7.8\Editor\VisualScripting.Core\Dependencies\YamlDotNet\Unity.VisualScripting.YamlDotNet.dll
Symbol file LoadedFromMemory doesn't match image C:\Users\jvish\OneDrive\Pictures\Documents\HW2\GJ #2\Library\PackageCache\com.unity.visualscripting@1.7.8\Editor\VisualScripting.Core\Dependencies\DotNetZip\Unity.VisualScripting.IonicZip.dll
Native extension for WindowsStandalone target not found
Refreshing native plugins compatible for Editor in 2.08 ms, found 3 plugins.
Preloading 0 native plugins for Editor in 0.00 ms.
Mono: successfully reloaded assembly
- Completed reload, in  2.373 seconds
Domain Reload Profiling:
	ReloadAssembly (2375ms)
		BeginReloadAssembly (149ms)
			ExecutionOrderSort (0ms)
			DisableScriptedObjects (8ms)
			BackupInstance (0ms)
			ReleaseScriptingObjects (0ms)
			CreateAndSetChildDomain (25ms)
		EndReloadAssembly (1995ms)
			LoadAssemblies (157ms)
			RebuildTransferFunctionScriptingTraits (0ms)
			SetupTypeCache (744ms)
			ReleaseScriptCaches (1ms)
			RebuildScriptCaches (163ms)
			SetupLoadedEditorAssemblies (733ms)
				LogAssemblyErrors (0ms)
				InitializePlatformSupportModulesInManaged (17ms)
				SetLoadedEditorAssemblies (2ms)
				RefreshPlugins (2ms)
				BeforeProcessingInitializeOnLoad (209ms)
				ProcessInitializeOnLoadAttributes (405ms)
				ProcessInitializeOnLoadMethodAttributes (77ms)
				AfterProcessingInitializeOnLoad (21ms)
				EditorAssembliesLoaded (0ms)
			ExecutionOrderSort2 (0ms)
			AwakeInstancesAfterBackupRestoration (24ms)
Platform modules already initialized, skipping
========================================================================
Worker process is ready to serve import requests
Launched and connected shader compiler UnityShaderCompiler.exe after 0.10 seconds
Refreshing native plugins compatible for Editor in 1.15 ms, found 3 plugins.
Preloading 0 native plugins for Editor in 0.00 ms.
Unloading 3388 Unused Serialized files (Serialized files now loaded: 0)
Unloading 27 unused Assets / (111.5 KB). Loaded Objects now: 3848.
Memory consumption went from 117.6 MB to 117.5 MB.
Total: 6.281100 ms (FindLiveObjects: 0.441800 ms CreateObjectMapping: 0.353400 ms MarkObjects: 5.321100 ms  DeleteObjects: 0.163200 ms)

AssetImportParameters requested are different than current active one (requested -> active):
  custom:video-decoder-ogg-theora: a1e56fd34408186e4bbccfd4996cb3dc -> 
  custom:container-muxer-webm: aa71ff27fc2769a1b78a27578f13a17b -> 
  custom:container-demuxer-webm: 4f35f7cbe854078d1ac9338744f61a02 -> 
  custom:video-encoder-webm-vp8: eb34c28f22e8b96e1ab97ce403110664 -> 
  custom:video-codec-MediaFoundation-h265: 746d11721c4dcdbdad8f713fa42b33f4 -> 
  custom:audio-encoder-webm-vorbis: bf7c407c2cedff20999df2af8eb42d56 -> 
  custom:framework-win-MediaFoundation: 216162199b28c13a410421893ffa2e32 -> 
  custom:container-demuxer-ogg: 62fdf1f143b41e24485cea50d1cbac27 -> 
  custom:video-decoder-webm-vp8: 9c59270c3fd7afecdb556c50c9e8de78 -> 
  custom:audio-decoder-ogg-vorbis: bf7c407c2cedff20999df2af8eb42d56 -> 
========================================================================
Received Prepare
Registering precompiled user dll's ...
Registered in 0.010345 seconds.
Begin MonoManager ReloadAssembly
Symbol file LoadedFromMemory doesn't match image C:\Users\jvish\OneDrive\Pictures\Documents\HW2\GJ #2\Library\PackageCache\com.unity.visualscripting@1.7.8\Editor\VisualScripting.Core\Dependencies\YamlDotNet\Unity.VisualScripting.YamlDotNet.dll
Symbol file LoadedFromMemory doesn't match image C:\Users\jvish\OneDrive\Pictures\Documents\HW2\GJ #2\Library\PackageCache\com.unity.visualscripting@1.7.8\Editor\VisualScripting.Core\Dependencies\DotNetZip\Unity.VisualScripting.IonicZip.dll
Native extension for WindowsStandalone target not found
Refreshing native plugins compatible for Editor in 2.80 ms, found 3 plugins.
Preloading 0 native plugins for Editor in 0.00 ms.
Mono: successfully reloaded assembly
- Completed reload, in  2.595 seconds
Domain Reload Profiling:
	ReloadAssembly (2596ms)
		BeginReloadAssembly (201ms)
			ExecutionOrderSort (0ms)
			DisableScriptedObjects (7ms)
			BackupInstance (0ms)
			ReleaseScriptingObjects (0ms)
			CreateAndSetChildDomain (57ms)
		EndReloadAssembly (2242ms)
			LoadAssemblies (156ms)
			RebuildTransferFunctionScriptingTraits (0ms)
			SetupTypeCache (736ms)
			ReleaseScriptCaches (3ms)
			RebuildScriptCaches (135ms)
			SetupLoadedEditorAssemblies (992ms)
				LogAssemblyErrors (0ms)
				InitializePlatformSupportModulesInManaged (42ms)
				SetLoadedEditorAssemblies (1ms)
				RefreshPlugins (3ms)
				BeforeProcessingInitializeOnLoad (233ms)
				ProcessInitializeOnLoadAttributes (596ms)
				ProcessInitializeOnLoadMethodAttributes (92ms)
				AfterProcessingInitializeOnLoad (24ms)
				EditorAssembliesLoaded (0ms)
			ExecutionOrderSort2 (0ms)
			AwakeInstancesAfterBackupRestoration (25ms)
Platform modules already initialized, skipping
Refreshing native plugins compatible for Editor in 6.79 ms, found 3 plugins.
Preloading 0 native plugins for Editor in 0.00 ms.
Unloading 3382 Unused Serialized files (Serialized files now loaded: 0)
Unloading 20 unused Assets / (79.2 KB). Loaded Objects now: 3851.
Memory consumption went from 117.4 MB to 117.3 MB.
Total: 8.167700 ms (FindLiveObjects: 0.515300 ms CreateObjectMapping: 0.580000 ms MarkObjects: 6.781200 ms  DeleteObjects: 0.287400 ms)

AssetImportParameters requested are different than current active one (requested -> active):
  custom:video-decoder-ogg-theora: a1e56fd34408186e4bbccfd4996cb3dc -> 
  custom:container-muxer-webm: aa71ff27fc2769a1b78a27578f13a17b -> 
  custom:container-demuxer-webm: 4f35f7cbe854078d1ac9338744f61a02 -> 
  custom:video-encoder-webm-vp8: eb34c28f22e8b96e1ab97ce403110664 -> 
  custom:video-codec-MediaFoundation-h265: 746d11721c4dcdbdad8f713fa42b33f4 -> 
  custom:audio-encoder-webm-vorbis: bf7c407c2cedff20999df2af8eb42d56 -> 
  custom:framework-win-MediaFoundation: 216162199b28c13a410421893ffa2e32 -> 
  custom:container-demuxer-ogg: 62fdf1f143b41e24485cea50d1cbac27 -> 
  custom:video-decoder-webm-vp8: 9c59270c3fd7afecdb556c50c9e8de78 -> 
  custom:audio-decoder-ogg-vorbis: bf7c407c2cedff20999df2af8eb42d56 -> 
========================================================================
Received Prepare
Registering precompiled user dll's ...
Registered in 0.011787 seconds.
Begin MonoManager ReloadAssembly
Symbol file LoadedFromMemory doesn't match image C:\Users\jvish\OneDrive\Pictures\Documents\HW2\GJ #2\Library\PackageCache\com.unity.visualscripting@1.7.8\Editor\VisualScripting.Core\Dependencies\YamlDotNet\Unity.VisualScripting.YamlDotNet.dll
Symbol file LoadedFromMemory doesn't match image C:\Users\jvish\OneDrive\Pictures\Documents\HW2\GJ #2\Library\PackageCache\com.unity.visualscripting@1.7.8\Editor\VisualScripting.Core\Dependencies\DotNetZip\Unity.VisualScripting.IonicZip.dll
Native extension for WindowsStandalone target not found
Refreshing native plugins compatible for Editor in 1.80 ms, found 3 plugins.
Preloading 0 native plugins for Editor in 0.00 ms.
Mono: successfully reloaded assembly
- Completed reload, in  3.036 seconds
Domain Reload Profiling:
	ReloadAssembly (3038ms)
		BeginReloadAssembly (250ms)
			ExecutionOrderSort (0ms)
			DisableScriptedObjects (12ms)
			BackupInstance (0ms)
			ReleaseScriptingObjects (0ms)
			CreateAndSetChildDomain (68ms)
		EndReloadAssembly (2595ms)
			LoadAssemblies (172ms)
			RebuildTransferFunctionScriptingTraits (0ms)
			SetupTypeCache (896ms)
			ReleaseScriptCaches (4ms)
			RebuildScriptCaches (132ms)
			SetupLoadedEditorAssemblies (1185ms)
				LogAssemblyErrors (0ms)
				InitializePlatformSupportModulesInManaged (40ms)
				SetLoadedEditorAssemblies (2ms)
				RefreshPlugins (2ms)
				BeforeProcessingInitializeOnLoad (215ms)
				ProcessInitializeOnLoadAttributes (797ms)
				ProcessInitializeOnLoadMethodAttributes (99ms)
				AfterProcessingInitializeOnLoad (29ms)
				EditorAssembliesLoaded (1ms)
			ExecutionOrderSort2 (0ms)
			AwakeInstancesAfterBackupRestoration (27ms)
Platform modules already initialized, skipping
Refreshing native plugins compatible for Editor in 8.52 ms, found 3 plugins.
Preloading 0 native plugins for Editor in 0.00 ms.
Unloading 3382 Unused Serialized files (Serialized files now loaded: 0)
Unloading 20 unused Assets / (79.1 KB). Loaded Objects now: 3854.
Memory consumption went from 117.4 MB to 117.3 MB.
Total: 10.190400 ms (FindLiveObjects: 0.529100 ms CreateObjectMapping: 0.633700 ms MarkObjects: 8.823300 ms  DeleteObjects: 0.202700 ms)

AssetImportParameters requested are different than current active one (requested -> active):
  custom:video-decoder-ogg-theora: a1e56fd34408186e4bbccfd4996cb3dc -> 
  custom:container-muxer-webm: aa71ff27fc2769a1b78a27578f13a17b -> 
  custom:container-demuxer-webm: 4f35f7cbe854078d1ac9338744f61a02 -> 
  custom:video-encoder-webm-vp8: eb34c28f22e8b96e1ab97ce403110664 -> 
  custom:video-codec-MediaFoundation-h265: 746d11721c4dcdbdad8f713fa42b33f4 -> 
  custom:audio-encoder-webm-vorbis: bf7c407c2cedff20999df2af8eb42d56 -> 
  custom:framework-win-MediaFoundation: 216162199b28c13a410421893ffa2e32 -> 
  custom:container-demuxer-ogg: 62fdf1f143b41e24485cea50d1cbac27 -> 
  custom:video-decoder-webm-vp8: 9c59270c3fd7afecdb556c50c9e8de78 -> 
  custom:audio-decoder-ogg-vorbis: bf7c407c2cedff20999df2af8eb42d56 -> 
========================================================================
Received Prepare
Registering precompiled user dll's ...
Registered in 0.009100 seconds.
Begin MonoManager ReloadAssembly
Symbol file LoadedFromMemory doesn't match image C:\Users\jvish\OneDrive\Pictures\Documents\HW2\GJ #2\Library\PackageCache\com.unity.visualscripting@1.7.8\Editor\VisualScripting.Core\Dependencies\YamlDotNet\Unity.VisualScripting.YamlDotNet.dll
Symbol file LoadedFromMemory doesn't match image C:\Users\jvish\OneDrive\Pictures\Documents\HW2\GJ #2\Library\PackageCache\com.unity.visualscripting@1.7.8\Editor\VisualScripting.Core\Dependencies\DotNetZip\Unity.VisualScripting.IonicZip.dll
Native extension for WindowsStandalone target not found
Refreshing native plugins compatible for Editor in 2.95 ms, found 3 plugins.
Preloading 0 native plugins for Editor in 0.00 ms.
Mono: successfully reloaded assembly
- Completed reload, in  2.467 seconds
Domain Reload Profiling:
	ReloadAssembly (2470ms)
		BeginReloadAssembly (209ms)
			ExecutionOrderSort (0ms)
			DisableScriptedObjects (8ms)
			BackupInstance (0ms)
			ReleaseScriptingObjects (0ms)
			CreateAndSetChildDomain (63ms)
		EndReloadAssembly (2098ms)
			LoadAssemblies (137ms)
			RebuildTransferFunctionScriptingTraits (0ms)
			SetupTypeCache (777ms)
			ReleaseScriptCaches (3ms)
			RebuildScriptCaches (130ms)
			SetupLoadedEditorAssemblies (846ms)
				LogAssemblyErrors (0ms)
				InitializePlatformSupportModulesInManaged (37ms)
				SetLoadedEditorAssemblies (1ms)
				RefreshPlugins (3ms)
				BeforeProcessingInitializeOnLoad (177ms)
				ProcessInitializeOnLoadAttributes (527ms)
				ProcessInitializeOnLoadMethodAttributes (78ms)
				AfterProcessingInitializeOnLoad (23ms)
				EditorAssembliesLoaded (0ms)
			ExecutionOrderSort2 (0ms)
			AwakeInstancesAfterBackupRestoration (24ms)
Platform modules already initialized, skipping
Refreshing native plugins compatible for Editor in 6.21 ms, found 3 plugins.
Preloading 0 native plugins for Editor in 0.00 ms.
Unloading 3382 Unused Serialized files (Serialized files now loaded: 0)
Unloading 20 unused Assets / (79.0 KB). Loaded Objects now: 3857.
Memory consumption went from 117.4 MB to 117.3 MB.
Total: 8.004700 ms (FindLiveObjects: 0.560400 ms CreateObjectMapping: 0.792400 ms MarkObjects: 6.208900 ms  DeleteObjects: 0.441100 ms)

AssetImportParameters requested are different than current active one (requested -> active):
  custom:video-decoder-ogg-theora: a1e56fd34408186e4bbccfd4996cb3dc -> 
  custom:container-muxer-webm: aa71ff27fc2769a1b78a27578f13a17b -> 
  custom:container-demuxer-webm: 4f35f7cbe854078d1ac9338744f61a02 -> 
  custom:video-encoder-webm-vp8: eb34c28f22e8b96e1ab97ce403110664 -> 
  custom:video-codec-MediaFoundation-h265: 746d11721c4dcdbdad8f713fa42b33f4 -> 
  custom:audio-encoder-webm-vorbis: bf7c407c2cedff20999df2af8eb42d56 -> 
  custom:framework-win-MediaFoundation: 216162199b28c13a410421893ffa2e32 -> 
  custom:container-demuxer-ogg: 62fdf1f143b41e24485cea50d1cbac27 -> 
  custom:video-decoder-webm-vp8: 9c59270c3fd7afecdb556c50c9e8de78 -> 
  custom:audio-decoder-ogg-vorbis: bf7c407c2cedff20999df2af8eb42d56 -> 
========================================================================
Received Import Request.
  Time since last request: 1039495.746062 seconds.
  path: Assets/Models/Platformer Kit/Kenney Platform Kit/arrows.fbx
  artifactKey: Guid(f0ed93b1066c24d499d2bdbe53e28d8c) Importer(815301076,1909f56bfc062723c751e8b465ee728b)
Start importing Assets/Models/Platformer Kit/Kenney Platform Kit/arrows.fbx using Guid(f0ed93b1066c24d499d2bdbe53e28d8c) Importer(815301076,1909f56bfc062723c751e8b465ee728b)  -> (artifact id: 'b2cd0e0bb94f0a3076368306417b620f') in 0.329386 seconds 
========================================================================
Received Import Request.
  Time since last request: 0.000036 seconds.
  path: Assets/Models/Platformer Kit/Kenney Platform Kit/blockCurve.fbx
  artifactKey: Guid(29572c5cf1333774eb128bdf8ccf2dcd) Importer(815301076,1909f56bfc062723c751e8b465ee728b)
Start importing Assets/Models/Platformer Kit/Kenney Platform Kit/blockCurve.fbx using Guid(29572c5cf1333774eb128bdf8ccf2dcd) Importer(815301076,1909f56bfc062723c751e8b465ee728b)  -> (artifact id: 'e473ae46599ee400d11e34b0db05df2f') in 0.119133 seconds 
========================================================================
Received Import Request.
  Time since last request: 0.000081 seconds.
  path: Assets/Models/Platformer Kit/Kenney Platform Kit/blockEnd.fbx
  artifactKey: Guid(4bf5da444c3f3dc4bb4381b30a26a4d4) Importer(815301076,1909f56bfc062723c751e8b465ee728b)
Start importing Assets/Models/Platformer Kit/Kenney Platform Kit/blockEnd.fbx using Guid(4bf5da444c3f3dc4bb4381b30a26a4d4) Importer(815301076,1909f56bfc062723c751e8b465ee728b)  -> (artifact id: 'fff589cfc34eebf40689b78b6d5f34d0') in 0.103053 seconds 
========================================================================
Received Import Request.
  Time since last request: 0.000051 seconds.
  path: Assets/Models/Platformer Kit/Kenney Platform Kit/barrel.fbx
  artifactKey: Guid(ba223837f5e36a74786cb3478ef8812b) Importer(815301076,1909f56bfc062723c751e8b465ee728b)
Start importing Assets/Models/Platformer Kit/Kenney Platform Kit/barrel.fbx using Guid(ba223837f5e36a74786cb3478ef8812b) Importer(815301076,1909f56bfc062723c751e8b465ee728b)  -> (artifact id: 'c67ac41cd1bccd4128f593a240d6b065') in 0.141672 seconds 
========================================================================
Received Import Request.
  Time since last request: 0.000108 seconds.
  path: Assets/Models/Platformer Kit/Kenney Platform Kit/blockMovingLarge.fbx
  artifactKey: Guid(929b29e395e710c4b88c688110bcef0a) Importer(815301076,1909f56bfc062723c751e8b465ee728b)
Start importing Assets/Models/Platformer Kit/Kenney Platform Kit/blockMovingLarge.fbx using Guid(929b29e395e710c4b88c688110bcef0a) Importer(815301076,1909f56bfc062723c751e8b465ee728b)  -> (artifact id: '6c57c4ae7efa0067989f2ad6dbf65ba6') in 0.105414 seconds 
========================================================================
Received Import Request.
  Time since last request: 0.000113 seconds.
  path: Assets/Models/Platformer Kit/Kenney Platform Kit/blockDirt.fbx
  artifactKey: Guid(d75dcd1560ad58a489b0414474aedce8) Importer(815301076,1909f56bfc062723c751e8b465ee728b)
Start importing Assets/Models/Platformer Kit/Kenney Platform Kit/blockDirt.fbx using Guid(d75dcd1560ad58a489b0414474aedce8) Importer(815301076,1909f56bfc062723c751e8b465ee728b)  -> (artifact id: 'f0d53506d380326ac2da08cc6ea4a8a4') in 0.076235 seconds 
========================================================================
Received Import Request.
  Time since last request: 0.000055 seconds.
  path: Assets/Models/Platformer Kit/Kenney Platform Kit/blockCurveHalf.fbx
  artifactKey: Guid(7e177d1586ca7d8458604432277fffe3) Importer(815301076,1909f56bfc062723c751e8b465ee728b)
Start importing Assets/Models/Platformer Kit/Kenney Platform Kit/blockCurveHalf.fbx using Guid(7e177d1586ca7d8458604432277fffe3) Importer(815301076,1909f56bfc062723c751e8b465ee728b)  -> (artifact id: 'b1bcaf63f5d508de243324386e470beb') in 0.107491 seconds 
========================================================================
Received Import Request.
  Time since last request: 0.000028 seconds.
  path: Assets/Models/Platformer Kit/Kenney Platform Kit/blockLarge.fbx
  artifactKey: Guid(1dee89fe33d8ffd43810eb86f768357a) Importer(815301076,1909f56bfc062723c751e8b465ee728b)
Start importing Assets/Models/Platformer Kit/Kenney Platform Kit/blockLarge.fbx using Guid(1dee89fe33d8ffd43810eb86f768357a) Importer(815301076,1909f56bfc062723c751e8b465ee728b)  -> (artifact id: '326bf3865c55443bb61adb49b79351dc') in 0.097931 seconds 
========================================================================
Received Import Request.
  Time since last request: 0.000046 seconds.
  path: Assets/Models/Platformer Kit/Kenney Platform Kit/blockDirtRampHalf.fbx
  artifactKey: Guid(dbba586261ca20f4e8a7e2425a15a7cd) Importer(815301076,1909f56bfc062723c751e8b465ee728b)
Start importing Assets/Models/Platformer Kit/Kenney Platform Kit/blockDirtRampHalf.fbx using Guid(dbba586261ca20f4e8a7e2425a15a7cd) Importer(815301076,1909f56bfc062723c751e8b465ee728b)  -> (artifact id: '2fcfe2cb5beee586685b3de1bee76245') in 0.075611 seconds 
========================================================================
Received Import Request.
  Time since last request: 0.000096 seconds.
  path: Assets/Models/Platformer Kit/Kenney Platform Kit/blockHalf.fbx
  artifactKey: Guid(ff43e3a0add280c4aae2c28ddbe1f3ca) Importer(815301076,1909f56bfc062723c751e8b465ee728b)
Start importing Assets/Models/Platformer Kit/Kenney Platform Kit/blockHalf.fbx using Guid(ff43e3a0add280c4aae2c28ddbe1f3ca) Importer(815301076,1909f56bfc062723c751e8b465ee728b)  -> (artifact id: 'fc52f233071e9ef80d8529f3565176eb') in 0.110691 seconds 
========================================================================
Received Import Request.
  Time since last request: 0.000043 seconds.
  path: Assets/Models/Platformer Kit/Kenney Platform Kit/blockDirtRamp.fbx
  artifactKey: Guid(405bda2c67d7a064dadde8464b3de3c9) Importer(815301076,1909f56bfc062723c751e8b465ee728b)
Start importing Assets/Models/Platformer Kit/Kenney Platform Kit/blockDirtRamp.fbx using Guid(405bda2c67d7a064dadde8464b3de3c9) Importer(815301076,1909f56bfc062723c751e8b465ee728b)  -> (artifact id: '80673a9a9ad20e9aff53c2b2b18831e4') in 0.098325 seconds 
========================================================================
Received Import Request.
  Time since last request: 0.000056 seconds.
  path: Assets/Models/Platformer Kit/Kenney Platform Kit/blockHexagon.fbx
  artifactKey: Guid(d0e6ab1e32e3bb64d9f022ceccf85305) Importer(815301076,1909f56bfc062723c751e8b465ee728b)
Start importing Assets/Models/Platformer Kit/Kenney Platform Kit/blockHexagon.fbx using Guid(d0e6ab1e32e3bb64d9f022ceccf85305) Importer(815301076,1909f56bfc062723c751e8b465ee728b)  -> (artifact id: '7a38952977cc5a020e02ce7861554cf6') in 0.116832 seconds 
========================================================================
Received Import Request.
  Time since last request: 0.161464 seconds.
  path: Assets/Models/Platformer Kit/Kenney Platform Kit/blockQuarter.fbx
  artifactKey: Guid(2896807147aaf7b46a4136563db83f8d) Importer(815301076,1909f56bfc062723c751e8b465ee728b)
Start importing Assets/Models/Platformer Kit/Kenney Platform Kit/blockQuarter.fbx using Guid(2896807147aaf7b46a4136563db83f8d) Importer(815301076,1909f56bfc062723c751e8b465ee728b)  -> (artifact id: '12a5e4430349920403386ff31eaa1228') in 0.073512 seconds 
========================================================================
Received Import Request.
  Time since last request: 0.000084 seconds.
  path: Assets/Models/Platformer Kit/Kenney Platform Kit/blockRoundedLowLong.fbx
  artifactKey: Guid(645b31ead76fd9140b9a1aaba0e6e34b) Importer(815301076,1909f56bfc062723c751e8b465ee728b)
Start importing Assets/Models/Platformer Kit/Kenney Platform Kit/blockRoundedLowLong.fbx using Guid(645b31ead76fd9140b9a1aaba0e6e34b) Importer(815301076,1909f56bfc062723c751e8b465ee728b)  -> (artifact id: 'fac1e621e66455e3227523921b1ea855') in 0.101437 seconds 
========================================================================
Received Import Request.
  Time since last request: 0.000067 seconds.
  path: Assets/Models/Platformer Kit/Kenney Platform Kit/blockRoundedLong.fbx
  artifactKey: Guid(c15f28e60c150e141924036096e2dfb2) Importer(815301076,1909f56bfc062723c751e8b465ee728b)
Start importing Assets/Models/Platformer Kit/Kenney Platform Kit/blockRoundedLong.fbx using Guid(c15f28e60c150e141924036096e2dfb2) Importer(815301076,1909f56bfc062723c751e8b465ee728b)  -> (artifact id: '6023305d1e5d5c4f1800e265947bcad3') in 0.101355 seconds 
========================================================================
Received Import Request.
  Time since last request: 0.000044 seconds.
  path: Assets/Models/Platformer Kit/Kenney Platform Kit/blockSlope.fbx
  artifactKey: Guid(014f2ef215b9f394894ffdcbbbb05693) Importer(815301076,1909f56bfc062723c751e8b465ee728b)
Start importing Assets/Models/Platformer Kit/Kenney Platform Kit/blockSlope.fbx using Guid(014f2ef215b9f394894ffdcbbbb05693) Importer(815301076,1909f56bfc062723c751e8b465ee728b)  -> (artifact id: 'ee996f3ab7fdc63ba57ef6730ed26fb9') in 0.117739 seconds 
========================================================================
Received Import Request.
  Time since last request: 0.000039 seconds.
  path: Assets/Models/Platformer Kit/Kenney Platform Kit/blockSnowRounded.fbx
  artifactKey: Guid(eada1648fc840844b9bc9c783a7b5809) Importer(815301076,1909f56bfc062723c751e8b465ee728b)
Start importing Assets/Models/Platformer Kit/Kenney Platform Kit/blockSnowRounded.fbx using Guid(eada1648fc840844b9bc9c783a7b5809) Importer(815301076,1909f56bfc062723c751e8b465ee728b)  -> (artifact id: '15d3bff9eeb3fcbcaeb88a7d3e63711b') in 0.118051 seconds 
========================================================================
Received Import Request.
  Time since last request: 0.000045 seconds.
  path: Assets/Models/Platformer Kit/Kenney Platform Kit/blockSnowLarge.fbx
  artifactKey: Guid(a7ac5b4648bc53342b79488991ebb488) Importer(815301076,1909f56bfc062723c751e8b465ee728b)
Start importing Assets/Models/Platformer Kit/Kenney Platform Kit/blockSnowLarge.fbx using Guid(a7ac5b4648bc53342b79488991ebb488) Importer(815301076,1909f56bfc062723c751e8b465ee728b)  -> (artifact id: 'eddf0cb9d697ebdc37ccb85849e180c7') in 0.132381 seconds 
========================================================================
Received Import Request.
  Time since last request: 0.000309 seconds.
  path: Assets/Models/Platformer Kit/Kenney Platform Kit/blockSnowHalf.fbx
  artifactKey: Guid(b5540987a1993d74892ba47fe5b6d065) Importer(815301076,1909f56bfc062723c751e8b465ee728b)
Start importing Assets/Models/Platformer Kit/Kenney Platform Kit/blockSnowHalf.fbx using Guid(b5540987a1993d74892ba47fe5b6d065) Importer(815301076,1909f56bfc062723c751e8b465ee728b)  -> (artifact id: '4442d223b80b76c5051c6e68028446a7') in 0.100607 seconds 
========================================================================
Received Import Request.
  Time since last request: 0.000054 seconds.
  path: Assets/Models/City Roads/FBX format/bridge_pillar.fbx
  artifactKey: Guid(5fb887c10886cd64a92a5e0125941f32) Importer(815301076,1909f56bfc062723c751e8b465ee728b)
Start importing Assets/Models/City Roads/FBX format/bridge_pillar.fbx using Guid(5fb887c10886cd64a92a5e0125941f32) Importer(815301076,1909f56bfc062723c751e8b465ee728b)  -> (artifact id: '11482b174af6024ba54b7f36e76c8abf') in 0.091814 seconds 
========================================================================
Received Import Request.
  Time since last request: 0.000083 seconds.
  path: Assets/Models/Platformer Kit/Kenney Platform Kit/coinGold.fbx
  artifactKey: Guid(5c13e0d3acf666944a4037da8aea2c55) Importer(815301076,1909f56bfc062723c751e8b465ee728b)
Start importing Assets/Models/Platformer Kit/Kenney Platform Kit/coinGold.fbx using Guid(5c13e0d3acf666944a4037da8aea2c55) Importer(815301076,1909f56bfc062723c751e8b465ee728b)  -> (artifact id: 'a25716c1059410df370a0a395464fb48') in 0.111932 seconds 
========================================================================
Received Import Request.
  Time since last request: 0.000069 seconds.
  path: Assets/Models/Platformer Kit/Kenney Platform Kit/crate.fbx
  artifactKey: Guid(6dde8ef1c4c765f489b6d120881e7d47) Importer(815301076,1909f56bfc062723c751e8b465ee728b)
Start importing Assets/Models/Platformer Kit/Kenney Platform Kit/crate.fbx using Guid(6dde8ef1c4c765f489b6d120881e7d47) Importer(815301076,1909f56bfc062723c751e8b465ee728b)  -> (artifact id: '0a1238b6725f34ee4e1b1b63573e98c7') in 0.114884 seconds 
========================================================================
Received Import Request.
  Time since last request: 0.000044 seconds.
  path: Assets/Models/Platformer Kit/Kenney Platform Kit/blockSnowRoundedLarge.fbx
  artifactKey: Guid(fe71adccc28a5894b809753f186782f7) Importer(815301076,1909f56bfc062723c751e8b465ee728b)
Start importing Assets/Models/Platformer Kit/Kenney Platform Kit/blockSnowRoundedLarge.fbx using Guid(fe71adccc28a5894b809753f186782f7) Importer(815301076,1909f56bfc062723c751e8b465ee728b)  -> (artifact id: '224685706848c2dcaf1800a92b17fd8c') in 0.103024 seconds 
========================================================================
Received Import Request.
  Time since last request: 0.000053 seconds.
  path: Assets/Models/City Roads/FBX format/construction_barrier.fbx
  artifactKey: Guid(c8223ff283112104faec14dd63aa480d) Importer(815301076,1909f56bfc062723c751e8b465ee728b)
Start importing Assets/Models/City Roads/FBX format/construction_barrier.fbx using Guid(c8223ff283112104faec14dd63aa480d) Importer(815301076,1909f56bfc062723c751e8b465ee728b)  -> (artifact id: '187787c6f7d6e0326d505b9fc6f8dad2') in 0.100282 seconds 
========================================================================
Received Import Request.
  Time since last request: 0.000058 seconds.
  path: Assets/Models/City Skyscrapers/FBX format/detail_overhang.fbx
  artifactKey: Guid(0fab537fe7430ef479550a5ff852d28e) Importer(815301076,1909f56bfc062723c751e8b465ee728b)
Start importing Assets/Models/City Skyscrapers/FBX format/detail_overhang.fbx using Guid(0fab537fe7430ef479550a5ff852d28e) Importer(815301076,1909f56bfc062723c751e8b465ee728b)  -> (artifact id: 'aa2b03f8f00003c0e3412740a0167d46') in 0.109789 seconds 
========================================================================
Received Import Request.
  Time since last request: 0.000100 seconds.
  path: Assets/Models/City Suburbs/FBX format/fence_open.fbx
  artifactKey: Guid(146e75950ded74e48a78d641544db782) Importer(815301076,1909f56bfc062723c751e8b465ee728b)
Start importing Assets/Models/City Suburbs/FBX format/fence_open.fbx using Guid(146e75950ded74e48a78d641544db782) Importer(815301076,1909f56bfc062723c751e8b465ee728b)  -> (artifact id: '579398cccdfd7231c35aca8421f62f21') in 0.098315 seconds 
========================================================================
Received Import Request.
  Time since last request: 0.000043 seconds.
  path: Assets/Models/City Skyscrapers/FBX format/detail_umbrellaDetailed.fbx
  artifactKey: Guid(d2630be4c63c44647a9c67db120eb31e) Importer(815301076,1909f56bfc062723c751e8b465ee728b)
Start importing Assets/Models/City Skyscrapers/FBX format/detail_umbrellaDetailed.fbx using Guid(d2630be4c63c44647a9c67db120eb31e) Importer(815301076,1909f56bfc062723c751e8b465ee728b)  -> (artifact id: '174c90b8432d308abbba1d2b75042f89') in 0.118360 seconds 
========================================================================
Received Import Request.
  Time since last request: 0.000048 seconds.
  path: Assets/Models/City Suburbs/FBX format/driveway_long.fbx
  artifactKey: Guid(002f1136eda728145a611673ec81af71) Importer(815301076,1909f56bfc062723c751e8b465ee728b)
Start importing Assets/Models/City Suburbs/FBX format/driveway_long.fbx using Guid(002f1136eda728145a611673ec81af71) Importer(815301076,1909f56bfc062723c751e8b465ee728b)  -> (artifact id: 'cc3d155309e0f8d9ca1bc34d0d959cf2') in 0.090001 seconds 
========================================================================
Received Import Request.
  Time since last request: 0.000048 seconds.
  path: Assets/Models/Platformer Kit/Kenney Platform Kit/heart.fbx
  artifactKey: Guid(b4f62c78f3d7a02498cf12b6981f03b1) Importer(815301076,1909f56bfc062723c751e8b465ee728b)
Start importing Assets/Models/Platformer Kit/Kenney Platform Kit/heart.fbx using Guid(b4f62c78f3d7a02498cf12b6981f03b1) Importer(815301076,1909f56bfc062723c751e8b465ee728b)  -> (artifact id: 'c6e8ac74c83459407334226d09007e7a') in 0.098067 seconds 
========================================================================
Received Import Request.
  Time since last request: 0.000050 seconds.
  path: Assets/Models/Platformer Kit/Kenney Platform Kit/doorClosed.fbx
  artifactKey: Guid(c4eb162540dca8143989822872c86dd8) Importer(815301076,1909f56bfc062723c751e8b465ee728b)
Start importing Assets/Models/Platformer Kit/Kenney Platform Kit/doorClosed.fbx using Guid(c4eb162540dca8143989822872c86dd8) Importer(815301076,1909f56bfc062723c751e8b465ee728b)  -> (artifact id: 'e5a46bcde926a2fdf709f47654bd82ee') in 0.102634 seconds 
========================================================================
Received Import Request.
  Time since last request: 0.000058 seconds.
  path: Assets/Models/Platformer Kit/Kenney Platform Kit/fence.fbx
  artifactKey: Guid(ce501ff084809d146be78366ad2dcec3) Importer(815301076,1909f56bfc062723c751e8b465ee728b)
Start importing Assets/Models/Platformer Kit/Kenney Platform Kit/fence.fbx using Guid(ce501ff084809d146be78366ad2dcec3) Importer(815301076,1909f56bfc062723c751e8b465ee728b)  -> (artifact id: '2e8bf1d6ba6aea3c5ae4a9e0937c2279') in 0.112447 seconds 
========================================================================
Received Import Request.
  Time since last request: 0.000033 seconds.
  path: Assets/Models/City Suburbs/FBX format/house_type12.fbx
  artifactKey: Guid(5ceb5182ecd77174a93176c4e21c7132) Importer(815301076,1909f56bfc062723c751e8b465ee728b)
Start importing Assets/Models/City Suburbs/FBX format/house_type12.fbx using Guid(5ceb5182ecd77174a93176c4e21c7132) Importer(815301076,1909f56bfc062723c751e8b465ee728b)  -> (artifact id: '974b193217ef1718b379b1c125f5af05') in 0.143760 seconds 
========================================================================
Received Import Request.
  Time since last request: 0.000037 seconds.
  path: Assets/Models/City Suburbs/FBX format/house_type11.fbx
  artifactKey: Guid(2ae1bf98041ced24dbc8cfc99f19bdcf) Importer(815301076,1909f56bfc062723c751e8b465ee728b)
Start importing Assets/Models/City Suburbs/FBX format/house_type11.fbx using Guid(2ae1bf98041ced24dbc8cfc99f19bdcf) Importer(815301076,1909f56bfc062723c751e8b465ee728b)  -> (artifact id: '7fc32a517393a1de23cefeb6a48ebc94') in 0.196625 seconds 
========================================================================
Received Import Request.
  Time since last request: 0.000597 seconds.
  path: Assets/Models/City Skyscrapers/FBX format/detail_umbrella.fbx
  artifactKey: Guid(a51672577b21f5843b9f2f9c45a3998d) Importer(815301076,1909f56bfc062723c751e8b465ee728b)
Start importing Assets/Models/City Skyscrapers/FBX format/detail_umbrella.fbx using Guid(a51672577b21f5843b9f2f9c45a3998d) Importer(815301076,1909f56bfc062723c751e8b465ee728b)  -> (artifact id: 'c636aa9d18150b915cb18dafb98b143a') in 0.150690 seconds 
========================================================================
Received Import Request.
  Time since last request: 0.000043 seconds.
  path: Assets/Models/City Suburbs/FBX format/house_type05.fbx
  artifactKey: Guid(dcaa46b1467f928439279202d4c00dab) Importer(815301076,1909f56bfc062723c751e8b465ee728b)
Start importing Assets/Models/City Suburbs/FBX format/house_type05.fbx using Guid(dcaa46b1467f928439279202d4c00dab) Importer(815301076,1909f56bfc062723c751e8b465ee728b)  -> (artifact id: '1d08dea5194709454cc8e04460c90b85') in 0.128479 seconds 
========================================================================
Received Import Request.
  Time since last request: 0.000110 seconds.
  path: Assets/Models/City Suburbs/FBX format/fence_small.fbx
  artifactKey: Guid(9cf4309145ca6624d818e823a8fc175d) Importer(815301076,1909f56bfc062723c751e8b465ee728b)
Start importing Assets/Models/City Suburbs/FBX format/fence_small.fbx using Guid(9cf4309145ca6624d818e823a8fc175d) Importer(815301076,1909f56bfc062723c751e8b465ee728b)  -> (artifact id: '49e06c5b0cdad78a5fe17d2e9f17e6a1') in 0.066881 seconds 
========================================================================
Received Import Request.
  Time since last request: 0.000037 seconds.
  path: Assets/Models/Platformer Kit/Kenney Platform Kit/blockSnowCurveLow.fbx
  artifactKey: Guid(9060c01d76be2dc47bc67f0ac0db46b2) Importer(815301076,1909f56bfc062723c751e8b465ee728b)
Start importing Assets/Models/Platformer Kit/Kenney Platform Kit/blockSnowCurveLow.fbx using Guid(9060c01d76be2dc47bc67f0ac0db46b2) Importer(815301076,1909f56bfc062723c751e8b465ee728b)  -> (artifact id: '5b34e9951fdfb5763050c7752c17be98') in 0.079646 seconds 
========================================================================
Received Import Request.
  Time since last request: 0.000031 seconds.
  path: Assets/Models/City Suburbs/FBX format/house_type13.fbx
  artifactKey: Guid(ab28df7e3aaaf9f4090b02245de412a8) Importer(815301076,1909f56bfc062723c751e8b465ee728b)
Start importing Assets/Models/City Suburbs/FBX format/house_type13.fbx using Guid(ab28df7e3aaaf9f4090b02245de412a8) Importer(815301076,1909f56bfc062723c751e8b465ee728b)  -> (artifact id: 'e3102eeeca5dbebf2dd47c1b6a86dfa8') in 0.102551 seconds 
========================================================================
Received Import Request.
  Time since last request: 0.000053 seconds.
  path: Assets/Models/Platformer Kit/Kenney Platform Kit/blockSnowQuarter.fbx
  artifactKey: Guid(d1bd8d585298b7e4fb0c64f78145d0bb) Importer(815301076,1909f56bfc062723c751e8b465ee728b)
Start importing Assets/Models/Platformer Kit/Kenney Platform Kit/blockSnowQuarter.fbx using Guid(d1bd8d585298b7e4fb0c64f78145d0bb) Importer(815301076,1909f56bfc062723c751e8b465ee728b)  -> (artifact id: '3a0161abc41bece9a662cd339d62f369') in 0.082561 seconds 
========================================================================
Received Import Request.
  Time since last request: 0.000555 seconds.
  path: Assets/Models/Platformer Kit/Kenney Platform Kit/crateItemStrong.fbx
  artifactKey: Guid(6d4dc8f71faf6c64a9b9bffa303be0dc) Importer(815301076,1909f56bfc062723c751e8b465ee728b)
Start importing Assets/Models/Platformer Kit/Kenney Platform Kit/crateItemStrong.fbx using Guid(6d4dc8f71faf6c64a9b9bffa303be0dc) Importer(815301076,1909f56bfc062723c751e8b465ee728b)  -> (artifact id: '00349788a8bfcb3066bb53d8be0d9747') in 0.107349 seconds 
========================================================================
Received Import Request.
  Time since last request: 0.000064 seconds.
  path: Assets/Models/Platformer Kit/Kenney Platform Kit/blockSlopeHalf.fbx
  artifactKey: Guid(5dba5d022e646cc439e24b95ea540a5c) Importer(815301076,1909f56bfc062723c751e8b465ee728b)
Start importing Assets/Models/Platformer Kit/Kenney Platform Kit/blockSlopeHalf.fbx using Guid(5dba5d022e646cc439e24b95ea540a5c) Importer(815301076,1909f56bfc062723c751e8b465ee728b)  -> (artifact id: '0db2e172d762c8449d429b2f94d8155a') in 0.101642 seconds 
========================================================================
Received Import Request.
  Time since last request: 0.000030 seconds.
  path: Assets/Models/Platformer Kit/Kenney Platform Kit/blockRoundedLarge.fbx
  artifactKey: Guid(4a510ecae62d3df4da457232dba9cc77) Importer(815301076,1909f56bfc062723c751e8b465ee728b)
Start importing Assets/Models/Platformer Kit/Kenney Platform Kit/blockRoundedLarge.fbx using Guid(4a510ecae62d3df4da457232dba9cc77) Importer(815301076,1909f56bfc062723c751e8b465ee728b)  -> (artifact id: '398b5df2100d8d9854e27fa4466cef4f') in 0.111351 seconds 
========================================================================
Received Import Request.
  Time since last request: 0.000111 seconds.
  path: Assets/Models/Platformer Kit/Kenney Platform Kit/lever.fbx
  artifactKey: Guid(2fdc34999634eca49aba844772f2e708) Importer(815301076,1909f56bfc062723c751e8b465ee728b)
Start importing Assets/Models/Platformer Kit/Kenney Platform Kit/lever.fbx using Guid(2fdc34999634eca49aba844772f2e708) Importer(815301076,1909f56bfc062723c751e8b465ee728b)  -> (artifact id: '1d47536dd195223ebf6a515ed8ed7a19') in 0.132226 seconds 
========================================================================
Received Import Request.
  Time since last request: 0.000066 seconds.
  path: Assets/Models/Platformer Kit/Kenney Platform Kit/blockSnowHexagonLow.fbx
  artifactKey: Guid(2824bffee62720c45b9f93e090b12f70) Importer(815301076,1909f56bfc062723c751e8b465ee728b)
Start importing Assets/Models/Platformer Kit/Kenney Platform Kit/blockSnowHexagonLow.fbx using Guid(2824bffee62720c45b9f93e090b12f70) Importer(815301076,1909f56bfc062723c751e8b465ee728b)  -> (artifact id: 'd8d527115c13e0d129549c7e68e38493') in 0.096714 seconds 
========================================================================
Received Import Request.
  Time since last request: 0.000035 seconds.
  path: Assets/Models/City Suburbs/FBX format/house_type08.fbx
  artifactKey: Guid(756a1c0668cd8574bbdd27d34cac328f) Importer(815301076,1909f56bfc062723c751e8b465ee728b)
Start importing Assets/Models/City Suburbs/FBX format/house_type08.fbx using Guid(756a1c0668cd8574bbdd27d34cac328f) Importer(815301076,1909f56bfc062723c751e8b465ee728b)  -> (artifact id: 'bbb7a5c61948f3411f53ae7118097f4c') in 0.103180 seconds 
========================================================================
Received Import Request.
  Time since last request: 0.000077 seconds.
  path: Assets/Models/Platformer Kit/Kenney Platform Kit/chest.fbx
  artifactKey: Guid(aa77a09d8364b1d4caef359fe3c3990b) Importer(815301076,1909f56bfc062723c751e8b465ee728b)
Start importing Assets/Models/Platformer Kit/Kenney Platform Kit/chest.fbx using Guid(aa77a09d8364b1d4caef359fe3c3990b) Importer(815301076,1909f56bfc062723c751e8b465ee728b)  -> (artifact id: 'bec83ff552c58669b9ca0f355249d353') in 0.116916 seconds 
========================================================================
Received Import Request.
  Time since last request: 0.000033 seconds.
  path: Assets/Models/City Suburbs/FBX format/house_type09.fbx
  artifactKey: Guid(1eb9b6ca88ffe8c4496071f37f5c8046) Importer(815301076,1909f56bfc062723c751e8b465ee728b)
Start importing Assets/Models/City Suburbs/FBX format/house_type09.fbx using Guid(1eb9b6ca88ffe8c4496071f37f5c8046) Importer(815301076,1909f56bfc062723c751e8b465ee728b)  -> (artifact id: '33cb641feb6eeb0a10f6ed1d807ad303') in 0.130219 seconds 
========================================================================
Received Import Request.
  Time since last request: 0.000040 seconds.
  path: Assets/Models/City Roads/FBX format/construction_light.fbx
  artifactKey: Guid(8d93f309a2adfa8489e2fe641335409c) Importer(815301076,1909f56bfc062723c751e8b465ee728b)
Start importing Assets/Models/City Roads/FBX format/construction_light.fbx using Guid(8d93f309a2adfa8489e2fe641335409c) Importer(815301076,1909f56bfc062723c751e8b465ee728b)  -> (artifact id: 'ba167994e8024c979f71a5a2b28e82d0') in 0.096588 seconds 
========================================================================
Received Import Request.
  Time since last request: 0.000096 seconds.
  path: Assets/Models/Platformer Kit/Kenney Platform Kit/flowers.fbx
  artifactKey: Guid(656e8659aaa16e84e85320b5d6ced9e3) Importer(815301076,1909f56bfc062723c751e8b465ee728b)
Start importing Assets/Models/Platformer Kit/Kenney Platform Kit/flowers.fbx using Guid(656e8659aaa16e84e85320b5d6ced9e3) Importer(815301076,1909f56bfc062723c751e8b465ee728b)  -> (artifact id: '86269bef7a5e4d8ca983ad57adc181f7') in 0.102988 seconds 
========================================================================
Received Import Request.
  Time since last request: 0.000060 seconds.
  path: Assets/Models/City Suburbs/FBX format/fence_rectangle.fbx
  artifactKey: Guid(7d402be26d602c84b83fbe7a6afa98b6) Importer(815301076,1909f56bfc062723c751e8b465ee728b)
Start importing Assets/Models/City Suburbs/FBX format/fence_rectangle.fbx using Guid(7d402be26d602c84b83fbe7a6afa98b6) Importer(815301076,1909f56bfc062723c751e8b465ee728b)  -> (artifact id: '943e51e686d8172dbd0ff6e9940114b3') in 0.070093 seconds 
========================================================================
Received Import Request.
  Time since last request: 0.000028 seconds.
  path: Assets/Models/Platformer Kit/Kenney Platform Kit/fenceCorner 1.fbx
  artifactKey: Guid(87625f5f6eddf0b42bbfebf71297c354) Importer(815301076,1909f56bfc062723c751e8b465ee728b)
Start importing Assets/Models/Platformer Kit/Kenney Platform Kit/fenceCorner 1.fbx using Guid(87625f5f6eddf0b42bbfebf71297c354) Importer(815301076,1909f56bfc062723c751e8b465ee728b)  -> (artifact id: 'c484a2e300b72360872f3ec38a92add4') in 0.076417 seconds 
========================================================================
Received Import Request.
  Time since last request: 0.000063 seconds.
  path: Assets/Models/Platformer Kit/Kenney Platform Kit/crateItem.fbx
  artifactKey: Guid(8a221e001881ab04b8e289f02f02951e) Importer(815301076,1909f56bfc062723c751e8b465ee728b)
Start importing Assets/Models/Platformer Kit/Kenney Platform Kit/crateItem.fbx using Guid(8a221e001881ab04b8e289f02f02951e) Importer(815301076,1909f56bfc062723c751e8b465ee728b)  -> (artifact id: '1d4b4e7f39e1d2365bd74bdfd0499bed') in 0.078923 seconds 
========================================================================
Received Import Request.
  Time since last request: 0.000092 seconds.
  path: Assets/Stone Fountain/Models/fountain_LOD0.fbx
  artifactKey: Guid(686072544e1b35f43be47124c66bfaaf) Importer(815301076,1909f56bfc062723c751e8b465ee728b)
Start importing Assets/Stone Fountain/Models/fountain_LOD0.fbx using Guid(686072544e1b35f43be47124c66bfaaf) Importer(815301076,1909f56bfc062723c751e8b465ee728b)  -> (artifact id: '30184b259be6f25a095655a8ee4702be') in 0.065178 seconds 
========================================================================
Received Import Request.
  Time since last request: 0.000034 seconds.
  path: Assets/Models/Platformer Kit/Kenney Platform Kit/blockSnowLong.fbx
  artifactKey: Guid(d5064817ba0f6154f8ecdd4f184882d7) Importer(815301076,1909f56bfc062723c751e8b465ee728b)
Start importing Assets/Models/Platformer Kit/Kenney Platform Kit/blockSnowLong.fbx using Guid(d5064817ba0f6154f8ecdd4f184882d7) Importer(815301076,1909f56bfc062723c751e8b465ee728b)  -> (artifact id: '2d1bebe4052d910c771f788f3bb32b4f') in 0.126871 seconds 
========================================================================
Received Import Request.
  Time since last request: 0.000036 seconds.
  path: Assets/Models/Platformer Kit/Kenney Platform Kit/fenceLowBroken.fbx
  artifactKey: Guid(37311363a6dd43f46871f7bac3a2fe43) Importer(815301076,1909f56bfc062723c751e8b465ee728b)
Start importing Assets/Models/Platformer Kit/Kenney Platform Kit/fenceLowBroken.fbx using Guid(37311363a6dd43f46871f7bac3a2fe43) Importer(815301076,1909f56bfc062723c751e8b465ee728b)  -> (artifact id: '2b7fa642ac33b7351025575d741dffc8') in 0.106511 seconds 
========================================================================
Received Import Request.
  Time since last request: 0.000050 seconds.
  path: Assets/Models/Platformer Kit/Kenney Platform Kit/blockSnowCliff.fbx
  artifactKey: Guid(7b6004b1e1582474585746e52367c935) Importer(815301076,1909f56bfc062723c751e8b465ee728b)
Start importing Assets/Models/Platformer Kit/Kenney Platform Kit/blockSnowCliff.fbx using Guid(7b6004b1e1582474585746e52367c935) Importer(815301076,1909f56bfc062723c751e8b465ee728b)  -> (artifact id: 'd4a6d00659b6268ee6927977b40a82a9') in 0.094882 seconds 
========================================================================
Received Import Request.
  Time since last request: 0.000047 seconds.
  path: Assets/Models/Platformer Kit/Kenney Platform Kit/blockSnowRoundedLong.fbx
  artifactKey: Guid(bb53d2c6c83a9f842b2eafaf8d8d3e24) Importer(815301076,1909f56bfc062723c751e8b465ee728b)
Start importing Assets/Models/Platformer Kit/Kenney Platform Kit/blockSnowRoundedLong.fbx using Guid(bb53d2c6c83a9f842b2eafaf8d8d3e24) Importer(815301076,1909f56bfc062723c751e8b465ee728b)  -> (artifact id: '96bbc5b2a2e205da74d9747ef9799a55') in 0.097692 seconds 
========================================================================
Received Import Request.
  Time since last request: 0.000034 seconds.
  path: Assets/Models/City Suburbs/FBX format/house_type07.fbx
  artifactKey: Guid(2c52f119b2a587c4ca7f3930da97c18a) Importer(815301076,1909f56bfc062723c751e8b465ee728b)
Start importing Assets/Models/City Suburbs/FBX format/house_type07.fbx using Guid(2c52f119b2a587c4ca7f3930da97c18a) Importer(815301076,1909f56bfc062723c751e8b465ee728b)  -> (artifact id: '1f1da5b7a136c5e9fc5f8e243e53efb7') in 0.100754 seconds 
========================================================================
Received Import Request.
  Time since last request: 0.000047 seconds.
  path: Assets/Models/City Suburbs/FBX format/fence_wide.fbx
  artifactKey: Guid(86585b31744e4ba49a6da032b6498f46) Importer(815301076,1909f56bfc062723c751e8b465ee728b)
Start importing Assets/Models/City Suburbs/FBX format/fence_wide.fbx using Guid(86585b31744e4ba49a6da032b6498f46) Importer(815301076,1909f56bfc062723c751e8b465ee728b)  -> (artifact id: 'eb43f044600abe3b185131a3116830cf') in 0.064606 seconds 
========================================================================
Received Import Request.
  Time since last request: 0.000036 seconds.
  path: Assets/Models/Platformer Kit/Kenney Platform Kit/blockSnowSlope.fbx
  artifactKey: Guid(15f1495a0893ca1428fed1f4d074c9b4) Importer(815301076,1909f56bfc062723c751e8b465ee728b)
Start importing Assets/Models/Platformer Kit/Kenney Platform Kit/blockSnowSlope.fbx using Guid(15f1495a0893ca1428fed1f4d074c9b4) Importer(815301076,1909f56bfc062723c751e8b465ee728b)  -> (artifact id: 'e08e3cdb7fca115ee0f706389736af22') in 0.070213 seconds 
========================================================================
Received Import Request.
  Time since last request: 0.000026 seconds.
  path: Assets/Models/Platformer Kit/Kenney Platform Kit/bridge.fbx
  artifactKey: Guid(edeb35d9dcc56f941828d189d1cf0533) Importer(815301076,1909f56bfc062723c751e8b465ee728b)
Start importing Assets/Models/Platformer Kit/Kenney Platform Kit/bridge.fbx using Guid(edeb35d9dcc56f941828d189d1cf0533) Importer(815301076,1909f56bfc062723c751e8b465ee728b)  -> (artifact id: '237b4869c8fe97ad7830f7428b001a4c') in 0.075543 seconds 
========================================================================
Received Import Request.
  Time since last request: 0.000034 seconds.
  path: Assets/Models/Platformer Kit/Kenney Platform Kit/flowersLow.fbx
  artifactKey: Guid(0674fd18cbf4c794ca66ca7542583343) Importer(815301076,1909f56bfc062723c751e8b465ee728b)
Start importing Assets/Models/Platformer Kit/Kenney Platform Kit/flowersLow.fbx using Guid(0674fd18cbf4c794ca66ca7542583343) Importer(815301076,1909f56bfc062723c751e8b465ee728b)  -> (artifact id: '9a8e54d619503697e0416a0ef4c6bbe4') in 0.157386 seconds 
========================================================================
Received Import Request.
  Time since last request: 0.000057 seconds.
  path: Assets/Models/Platformer Kit/Kenney Platform Kit/hedgeCorner.fbx
  artifactKey: Guid(0dc9a5b29979eee4e8572ad3f6240899) Importer(815301076,1909f56bfc062723c751e8b465ee728b)
Start importing Assets/Models/Platformer Kit/Kenney Platform Kit/hedgeCorner.fbx using Guid(0dc9a5b29979eee4e8572ad3f6240899) Importer(815301076,1909f56bfc062723c751e8b465ee728b)  -> (artifact id: '1fa8563f7f003120d161f6ed0fa146a8') in 0.068110 seconds 
========================================================================
Received Prepare
Registering precompiled user dll's ...
Registered in 0.011305 seconds.
Begin MonoManager ReloadAssembly
Symbol file LoadedFromMemory doesn't match image C:\Users\jvish\OneDrive\Pictures\Documents\HW2\GJ #2\Library\PackageCache\com.unity.visualscripting@1.7.8\Editor\VisualScripting.Core\Dependencies\YamlDotNet\Unity.VisualScripting.YamlDotNet.dll
Symbol file LoadedFromMemory doesn't match image C:\Users\jvish\OneDrive\Pictures\Documents\HW2\GJ #2\Library\PackageCache\com.unity.visualscripting@1.7.8\Editor\VisualScripting.Core\Dependencies\DotNetZip\Unity.VisualScripting.IonicZip.dll
Native extension for WindowsStandalone target not found
Refreshing native plugins compatible for Editor in 2.20 ms, found 3 plugins.
Preloading 0 native plugins for Editor in 0.00 ms.
Mono: successfully reloaded assembly
- Completed reload, in  2.497 seconds
Domain Reload Profiling:
	ReloadAssembly (2498ms)
		BeginReloadAssembly (202ms)
			ExecutionOrderSort (0ms)
			DisableScriptedObjects (9ms)
			BackupInstance (0ms)
			ReleaseScriptingObjects (0ms)
			CreateAndSetChildDomain (66ms)
		EndReloadAssembly (2131ms)
			LoadAssemblies (126ms)
			RebuildTransferFunctionScriptingTraits (0ms)
			SetupTypeCache (751ms)
			ReleaseScriptCaches (5ms)
			RebuildScriptCaches (122ms)
			SetupLoadedEditorAssemblies (933ms)
				LogAssemblyErrors (0ms)
				InitializePlatformSupportModulesInManaged (37ms)
				SetLoadedEditorAssemblies (3ms)
				RefreshPlugins (2ms)
				BeforeProcessingInitializeOnLoad (176ms)
				ProcessInitializeOnLoadAttributes (600ms)
				ProcessInitializeOnLoadMethodAttributes (86ms)
				AfterProcessingInitializeOnLoad (29ms)
				EditorAssembliesLoaded (0ms)
			ExecutionOrderSort2 (0ms)
			AwakeInstancesAfterBackupRestoration (25ms)
Platform modules already initialized, skipping
Refreshing native plugins compatible for Editor in 6.93 ms, found 3 plugins.
Preloading 0 native plugins for Editor in 0.00 ms.
Unloading 3382 Unused Serialized files (Serialized files now loaded: 0)
Unloading 20 unused Assets / (79.1 KB). Loaded Objects now: 3903.
Memory consumption went from 122.6 MB to 122.5 MB.
Total: 8.373000 ms (FindLiveObjects: 1.080200 ms CreateObjectMapping: 0.567400 ms MarkObjects: 6.559000 ms  DeleteObjects: 0.164400 ms)

AssetImportParameters requested are different than current active one (requested -> active):
  custom:video-decoder-ogg-theora: a1e56fd34408186e4bbccfd4996cb3dc -> 
  custom:container-muxer-webm: aa71ff27fc2769a1b78a27578f13a17b -> 
  custom:container-demuxer-webm: 4f35f7cbe854078d1ac9338744f61a02 -> 
  custom:video-encoder-webm-vp8: eb34c28f22e8b96e1ab97ce403110664 -> 
  custom:video-codec-MediaFoundation-h265: 746d11721c4dcdbdad8f713fa42b33f4 -> 
  custom:audio-encoder-webm-vorbis: bf7c407c2cedff20999df2af8eb42d56 -> 
  custom:framework-win-MediaFoundation: 216162199b28c13a410421893ffa2e32 -> 
  custom:container-demuxer-ogg: 62fdf1f143b41e24485cea50d1cbac27 -> 
  custom:video-decoder-webm-vp8: 9c59270c3fd7afecdb556c50c9e8de78 -> 
  custom:audio-decoder-ogg-vorbis: bf7c407c2cedff20999df2af8eb42d56 -> 
========================================================================
Received Import Request.
  Time since last request: 138.651550 seconds.
  path: Assets/Models/Platformer Kit/Kenney Platform Kit/key.fbx
  artifactKey: Guid(a36cd3fad2dc26044abc735a1099bd17) Importer(815301076,1909f56bfc062723c751e8b465ee728b)
Start importing Assets/Models/Platformer Kit/Kenney Platform Kit/key.fbx using Guid(a36cd3fad2dc26044abc735a1099bd17) Importer(815301076,1909f56bfc062723c751e8b465ee728b)  -> (artifact id: 'c91e1e9b20434fc9780b70352265d732') in 0.301815 seconds 
========================================================================
Received Import Request.
  Time since last request: 0.000511 seconds.
  path: Assets/Models/Platformer Kit/Kenney Platform Kit/ladderLong.fbx
  artifactKey: Guid(839f5e4df82870545bec0d8398c6da5d) Importer(815301076,1909f56bfc062723c751e8b465ee728b)
Start importing Assets/Models/Platformer Kit/Kenney Platform Kit/ladderLong.fbx using Guid(839f5e4df82870545bec0d8398c6da5d) Importer(815301076,1909f56bfc062723c751e8b465ee728b)  -> (artifact id: 'f5b838ed7b78b8aa95a2554778698692') in 0.123313 seconds 
========================================================================
Received Import Request.
  Time since last request: 0.000050 seconds.
  path: Assets/Models/Platformer Kit/Kenney Platform Kit/ladder.fbx
  artifactKey: Guid(6eaf0a9168022d344bba1ea592849b55) Importer(815301076,1909f56bfc062723c751e8b465ee728b)
Start importing Assets/Models/Platformer Kit/Kenney Platform Kit/ladder.fbx using Guid(6eaf0a9168022d344bba1ea592849b55) Importer(815301076,1909f56bfc062723c751e8b465ee728b)  -> (artifact id: '39dbfbf7e27267c1afdb772aa947e54d') in 0.119016 seconds 
========================================================================
Received Import Request.
  Time since last request: 0.000032 seconds.
  path: Assets/Models/Platformer Kit/Kenney Platform Kit/modularBuildings_001.obj
  artifactKey: Guid(b3dbfb32bef8f1e4681b9ccd2775b145) Importer(815301076,1909f56bfc062723c751e8b465ee728b)
Start importing Assets/Models/Platformer Kit/Kenney Platform Kit/modularBuildings_001.obj using Guid(b3dbfb32bef8f1e4681b9ccd2775b145) Importer(815301076,1909f56bfc062723c751e8b465ee728b)  -> (artifact id: '73f92d1593927dd2c5c873e0ad2eae51') in 0.123949 seconds 
========================================================================
Received Prepare
Registering precompiled user dll's ...
Registered in 0.011000 seconds.
Begin MonoManager ReloadAssembly
Symbol file LoadedFromMemory doesn't match image C:\Users\jvish\OneDrive\Pictures\Documents\HW2\GJ #2\Library\PackageCache\com.unity.visualscripting@1.7.8\Editor\VisualScripting.Core\Dependencies\YamlDotNet\Unity.VisualScripting.YamlDotNet.dll
Symbol file LoadedFromMemory doesn't match image C:\Users\jvish\OneDrive\Pictures\Documents\HW2\GJ #2\Library\PackageCache\com.unity.visualscripting@1.7.8\Editor\VisualScripting.Core\Dependencies\DotNetZip\Unity.VisualScripting.IonicZip.dll
Native extension for WindowsStandalone target not found
Refreshing native plugins compatible for Editor in 2.18 ms, found 3 plugins.
Preloading 0 native plugins for Editor in 0.00 ms.
Mono: successfully reloaded assembly
- Completed reload, in  2.643 seconds
Domain Reload Profiling:
	ReloadAssembly (2645ms)
		BeginReloadAssembly (205ms)
			ExecutionOrderSort (0ms)
			DisableScriptedObjects (5ms)
			BackupInstance (0ms)
			ReleaseScriptingObjects (0ms)
			CreateAndSetChildDomain (57ms)
		EndReloadAssembly (2260ms)
			LoadAssemblies (133ms)
			RebuildTransferFunctionScriptingTraits (0ms)
			SetupTypeCache (897ms)
			ReleaseScriptCaches (3ms)
			RebuildScriptCaches (133ms)
			SetupLoadedEditorAssemblies (905ms)
				LogAssemblyErrors (0ms)
				InitializePlatformSupportModulesInManaged (39ms)
				SetLoadedEditorAssemblies (2ms)
				RefreshPlugins (2ms)
				BeforeProcessingInitializeOnLoad (179ms)
				ProcessInitializeOnLoadAttributes (574ms)
				ProcessInitializeOnLoadMethodAttributes (84ms)
				AfterProcessingInitializeOnLoad (22ms)
				EditorAssembliesLoaded (1ms)
			ExecutionOrderSort2 (0ms)
			AwakeInstancesAfterBackupRestoration (26ms)
Platform modules already initialized, skipping
Refreshing native plugins compatible for Editor in 5.03 ms, found 3 plugins.
Preloading 0 native plugins for Editor in 0.00 ms.
Unloading 3382 Unused Serialized files (Serialized files now loaded: 0)
Unloading 20 unused Assets / (79.2 KB). Loaded Objects now: 3906.
Memory consumption went from 122.6 MB to 122.5 MB.
Total: 6.176200 ms (FindLiveObjects: 0.596900 ms CreateObjectMapping: 0.754600 ms MarkObjects: 4.559400 ms  DeleteObjects: 0.262900 ms)

AssetImportParameters requested are different than current active one (requested -> active):
  custom:video-decoder-ogg-theora: a1e56fd34408186e4bbccfd4996cb3dc -> 
  custom:container-muxer-webm: aa71ff27fc2769a1b78a27578f13a17b -> 
  custom:container-demuxer-webm: 4f35f7cbe854078d1ac9338744f61a02 -> 
  custom:video-encoder-webm-vp8: eb34c28f22e8b96e1ab97ce403110664 -> 
  custom:video-codec-MediaFoundation-h265: 746d11721c4dcdbdad8f713fa42b33f4 -> 
  custom:audio-encoder-webm-vorbis: bf7c407c2cedff20999df2af8eb42d56 -> 
  custom:framework-win-MediaFoundation: 216162199b28c13a410421893ffa2e32 -> 
  custom:container-demuxer-ogg: 62fdf1f143b41e24485cea50d1cbac27 -> 
  custom:video-decoder-webm-vp8: 9c59270c3fd7afecdb556c50c9e8de78 -> 
  custom:audio-decoder-ogg-vorbis: bf7c407c2cedff20999df2af8eb42d56 -> 
========================================================================
Received Prepare
Registering precompiled user dll's ...
Registered in 0.014835 seconds.
Begin MonoManager ReloadAssembly
Symbol file LoadedFromMemory doesn't match image C:\Users\jvish\OneDrive\Pictures\Documents\HW2\GJ #2\Library\PackageCache\com.unity.visualscripting@1.7.8\Editor\VisualScripting.Core\Dependencies\YamlDotNet\Unity.VisualScripting.YamlDotNet.dll
Symbol file LoadedFromMemory doesn't match image C:\Users\jvish\OneDrive\Pictures\Documents\HW2\GJ #2\Library\PackageCache\com.unity.visualscripting@1.7.8\Editor\VisualScripting.Core\Dependencies\DotNetZip\Unity.VisualScripting.IonicZip.dll
Native extension for WindowsStandalone target not found
Refreshing native plugins compatible for Editor in 2.24 ms, found 3 plugins.
Preloading 0 native plugins for Editor in 0.00 ms.
Mono: successfully reloaded assembly
- Completed reload, in  2.651 seconds
Domain Reload Profiling:
	ReloadAssembly (2652ms)
		BeginReloadAssembly (198ms)
			ExecutionOrderSort (0ms)
			DisableScriptedObjects (9ms)
			BackupInstance (0ms)
			ReleaseScriptingObjects (0ms)
			CreateAndSetChildDomain (48ms)
		EndReloadAssembly (2306ms)
			LoadAssemblies (132ms)
			RebuildTransferFunctionScriptingTraits (0ms)
			SetupTypeCache (780ms)
			ReleaseScriptCaches (5ms)
			RebuildScriptCaches (160ms)
			SetupLoadedEditorAssemblies (1007ms)
				LogAssemblyErrors (0ms)
				InitializePlatformSupportModulesInManaged (51ms)
				SetLoadedEditorAssemblies (1ms)
				RefreshPlugins (2ms)
				BeforeProcessingInitializeOnLoad (230ms)
				ProcessInitializeOnLoadAttributes (610ms)
				ProcessInitializeOnLoadMethodAttributes (86ms)
				AfterProcessingInitializeOnLoad (27ms)
				EditorAssembliesLoaded (1ms)
			ExecutionOrderSort2 (0ms)
			AwakeInstancesAfterBackupRestoration (30ms)
Platform modules already initialized, skipping
Refreshing native plugins compatible for Editor in 7.72 ms, found 3 plugins.
Preloading 0 native plugins for Editor in 0.00 ms.
Unloading 3382 Unused Serialized files (Serialized files now loaded: 0)
Unloading 20 unused Assets / (79.1 KB). Loaded Objects now: 3909.
Memory consumption went from 122.6 MB to 122.5 MB.
Total: 10.693200 ms (FindLiveObjects: 0.530700 ms CreateObjectMapping: 0.306900 ms MarkObjects: 9.564700 ms  DeleteObjects: 0.288500 ms)

AssetImportParameters requested are different than current active one (requested -> active):
  custom:video-decoder-ogg-theora: a1e56fd34408186e4bbccfd4996cb3dc -> 
  custom:container-muxer-webm: aa71ff27fc2769a1b78a27578f13a17b -> 
  custom:container-demuxer-webm: 4f35f7cbe854078d1ac9338744f61a02 -> 
  custom:video-encoder-webm-vp8: eb34c28f22e8b96e1ab97ce403110664 -> 
  custom:video-codec-MediaFoundation-h265: 746d11721c4dcdbdad8f713fa42b33f4 -> 
  custom:audio-encoder-webm-vorbis: bf7c407c2cedff20999df2af8eb42d56 -> 
  custom:framework-win-MediaFoundation: 216162199b28c13a410421893ffa2e32 -> 
  custom:container-demuxer-ogg: 62fdf1f143b41e24485cea50d1cbac27 -> 
  custom:video-decoder-webm-vp8: 9c59270c3fd7afecdb556c50c9e8de78 -> 
  custom:audio-decoder-ogg-vorbis: bf7c407c2cedff20999df2af8eb42d56 -> 
