Using pre-set license
Built from '2021.3/staging' branch; Version is '2021.3.8f1 (b30333d56e81) revision 11731763'; Using compiler version '192829333'; Build Type 'Release'
OS: 'Windows 11  (10.0.22000) 64bit Core' Language: 'en' Physical Memory: 16218 MB
BatchMode: 1, IsHumanControllingUs: 0, StartBugReporterOnCrash: 0, Is64bit: 1, IsPro: 1

COMMAND LINE ARGUMENTS:
C:\Program Files\Unity\Hub\Editor\2021.3.8f1\Editor\Unity.exe
-adb2
-batchMode
-noUpm
-name
AssetImportWorker0
-projectPath
C:/Users/jvish/OneDrive/Pictures/Documents/HW2/GJ #2
-logFile
Logs/AssetImportWorker0.log
-srvPort
60027
Successfully changed project path to: C:/Users/jvish/OneDrive/Pictures/Documents/HW2/GJ #2
C:/Users/jvish/OneDrive/Pictures/Documents/HW2/GJ #2
[UnityMemory] Configuration Parameters - Can be set up in boot.config
    "memorysetup-bucket-allocator-granularity=16"
    "memorysetup-bucket-allocator-bucket-count=8"
    "memorysetup-bucket-allocator-block-size=33554432"
    "memorysetup-bucket-allocator-block-count=8"
    "memorysetup-main-allocator-block-size=16777216"
    "memorysetup-thread-allocator-block-size=16777216"
    "memorysetup-gfx-main-allocator-block-size=16777216"
    "memorysetup-gfx-thread-allocator-block-size=16777216"
    "memorysetup-cache-allocator-block-size=4194304"
    "memorysetup-typetree-allocator-block-size=2097152"
    "memorysetup-profiler-bucket-allocator-granularity=16"
    "memorysetup-profiler-bucket-allocator-bucket-count=8"
    "memorysetup-profiler-bucket-allocator-block-size=33554432"
    "memorysetup-profiler-bucket-allocator-block-count=8"
    "memorysetup-profiler-allocator-block-size=16777216"
    "memorysetup-profiler-editor-allocator-block-size=1048576"
    "memorysetup-temp-allocator-size-main=16777216"
    "memorysetup-job-temp-allocator-block-size=2097152"
    "memorysetup-job-temp-allocator-block-size-background=1048576"
    "memorysetup-job-temp-allocator-reduction-small-platforms=262144"
    "memorysetup-temp-allocator-size-background-worker=32768"
    "memorysetup-temp-allocator-size-job-worker=262144"
    "memorysetup-temp-allocator-size-preload-manager=33554432"
    "memorysetup-temp-allocator-size-nav-mesh-worker=65536"
    "memorysetup-temp-allocator-size-audio-worker=65536"
    "memorysetup-temp-allocator-size-cloud-worker=32768"
    "memorysetup-temp-allocator-size-gi-baking-worker=262144"
    "memorysetup-temp-allocator-size-gfx=262144"
Refreshing native plugins compatible for Editor in 112.29 ms, found 3 plugins.
Preloading 0 native plugins for Editor in 0.00 ms.
Initialize engine version: 2021.3.8f1 (b30333d56e81)
[Subsystems] Discovering subsystems at path C:/Program Files/Unity/Hub/Editor/2021.3.8f1/Editor/Data/Resources/UnitySubsystems
[Subsystems] Discovering subsystems at path C:/Users/jvish/OneDrive/Pictures/Documents/HW2/GJ #2/Assets
GfxDevice: creating device client; threaded=0; jobified=0
Direct3D:
    Version:  Direct3D 11.0 [level 11.1]
    Renderer: Intel(R) UHD Graphics 620 (ID=0x5917)
    Vendor:   Intel
    VRAM:     8109 MB
    Driver:   27.20.100.8854
Initialize mono
Mono path[0] = 'C:/Program Files/Unity/Hub/Editor/2021.3.8f1/Editor/Data/Managed'
Mono path[1] = 'C:/Program Files/Unity/Hub/Editor/2021.3.8f1/Editor/Data/MonoBleedingEdge/lib/mono/unityjit-win32'
Mono config path = 'C:/Program Files/Unity/Hub/Editor/2021.3.8f1/Editor/Data/MonoBleedingEdge/etc'
Using monoOptions --debugger-agent=transport=dt_socket,embedding=1,server=y,suspend=n,address=127.0.0.1:56420
Begin MonoManager ReloadAssembly
Registering precompiled unity dll's ...
Register platform support module: C:/Program Files/Unity/Hub/Editor/2021.3.8f1/Editor/Data/PlaybackEngines/WindowsStandaloneSupport/UnityEditor.WindowsStandalone.Extensions.dll
Registered in 0.010179 seconds.
Native extension for WindowsStandalone target not found
Refreshing native plugins compatible for Editor in 111.14 ms, found 3 plugins.
Preloading 0 native plugins for Editor in 0.00 ms.
Mono: successfully reloaded assembly
- Completed reload, in  0.843 seconds
Domain Reload Profiling:
	ReloadAssembly (843ms)
		BeginReloadAssembly (97ms)
			ExecutionOrderSort (0ms)
			DisableScriptedObjects (0ms)
			BackupInstance (0ms)
			ReleaseScriptingObjects (0ms)
			CreateAndSetChildDomain (1ms)
		EndReloadAssembly (598ms)
			LoadAssemblies (94ms)
			RebuildTransferFunctionScriptingTraits (0ms)
			SetupTypeCache (136ms)
			ReleaseScriptCaches (0ms)
			RebuildScriptCaches (37ms)
			SetupLoadedEditorAssemblies (359ms)
				LogAssemblyErrors (0ms)
				InitializePlatformSupportModulesInManaged (10ms)
				SetLoadedEditorAssemblies (0ms)
				RefreshPlugins (111ms)
				BeforeProcessingInitializeOnLoad (2ms)
				ProcessInitializeOnLoadAttributes (171ms)
				ProcessInitializeOnLoadMethodAttributes (64ms)
				AfterProcessingInitializeOnLoad (0ms)
				EditorAssembliesLoaded (0ms)
			ExecutionOrderSort2 (0ms)
			AwakeInstancesAfterBackupRestoration (0ms)
Platform modules already initialized, skipping
Registering precompiled user dll's ...
Registered in 0.014904 seconds.
Begin MonoManager ReloadAssembly
Symbol file LoadedFromMemory doesn't match image C:\Users\jvish\OneDrive\Pictures\Documents\HW2\GJ #2\Library\PackageCache\com.unity.visualscripting@1.7.8\Editor\VisualScripting.Core\Dependencies\YamlDotNet\Unity.VisualScripting.YamlDotNet.dll
Symbol file LoadedFromMemory doesn't match image C:\Users\jvish\OneDrive\Pictures\Documents\HW2\GJ #2\Library\PackageCache\com.unity.visualscripting@1.7.8\Editor\VisualScripting.Core\Dependencies\DotNetZip\Unity.VisualScripting.IonicZip.dll
Native extension for WindowsStandalone target not found
Refreshing native plugins compatible for Editor in 1.88 ms, found 3 plugins.
Preloading 0 native plugins for Editor in 0.00 ms.
Mono: successfully reloaded assembly
- Completed reload, in  2.288 seconds
Domain Reload Profiling:
	ReloadAssembly (2289ms)
		BeginReloadAssembly (141ms)
			ExecutionOrderSort (0ms)
			DisableScriptedObjects (9ms)
			BackupInstance (0ms)
			ReleaseScriptingObjects (0ms)
			CreateAndSetChildDomain (24ms)
		EndReloadAssembly (1970ms)
			LoadAssemblies (154ms)
			RebuildTransferFunctionScriptingTraits (0ms)
			SetupTypeCache (715ms)
			ReleaseScriptCaches (2ms)
			RebuildScriptCaches (153ms)
			SetupLoadedEditorAssemblies (750ms)
				LogAssemblyErrors (0ms)
				InitializePlatformSupportModulesInManaged (17ms)
				SetLoadedEditorAssemblies (1ms)
				RefreshPlugins (2ms)
				BeforeProcessingInitializeOnLoad (252ms)
				ProcessInitializeOnLoadAttributes (413ms)
				ProcessInitializeOnLoadMethodAttributes (48ms)
				AfterProcessingInitializeOnLoad (16ms)
				EditorAssembliesLoaded (0ms)
			ExecutionOrderSort2 (0ms)
			AwakeInstancesAfterBackupRestoration (20ms)
Platform modules already initialized, skipping
========================================================================
Worker process is ready to serve import requests
Launched and connected shader compiler UnityShaderCompiler.exe after 0.13 seconds
Refreshing native plugins compatible for Editor in 0.76 ms, found 3 plugins.
Preloading 0 native plugins for Editor in 0.00 ms.
Unloading 3388 Unused Serialized files (Serialized files now loaded: 0)
Unloading 27 unused Assets / (111.5 KB). Loaded Objects now: 3848.
Memory consumption went from 117.6 MB to 117.5 MB.
Total: 4.402200 ms (FindLiveObjects: 0.402200 ms CreateObjectMapping: 0.322900 ms MarkObjects: 3.519600 ms  DeleteObjects: 0.156200 ms)

AssetImportParameters requested are different than current active one (requested -> active):
  custom:video-decoder-ogg-theora: a1e56fd34408186e4bbccfd4996cb3dc -> 
  custom:container-muxer-webm: aa71ff27fc2769a1b78a27578f13a17b -> 
  custom:container-demuxer-webm: 4f35f7cbe854078d1ac9338744f61a02 -> 
  custom:video-encoder-webm-vp8: eb34c28f22e8b96e1ab97ce403110664 -> 
  custom:video-codec-MediaFoundation-h265: 746d11721c4dcdbdad8f713fa42b33f4 -> 
  custom:audio-encoder-webm-vorbis: bf7c407c2cedff20999df2af8eb42d56 -> 
  custom:framework-win-MediaFoundation: 216162199b28c13a410421893ffa2e32 -> 
  custom:container-demuxer-ogg: 62fdf1f143b41e24485cea50d1cbac27 -> 
  custom:video-decoder-webm-vp8: 9c59270c3fd7afecdb556c50c9e8de78 -> 
  custom:audio-decoder-ogg-vorbis: bf7c407c2cedff20999df2af8eb42d56 -> 
========================================================================
Received Import Request.
  Time since last request: 1039176.598911 seconds.
  path: Assets/Scenes
  artifactKey: Guid(6ea315d0fd7389c41b19996891e99ae3) Importer(815301076,1909f56bfc062723c751e8b465ee728b)
Start importing Assets/Scenes using Guid(6ea315d0fd7389c41b19996891e99ae3) Importer(815301076,1909f56bfc062723c751e8b465ee728b)  -> (artifact id: 'bc172811d573b296104adb4d2728db37') in 0.014292 seconds 
========================================================================
Received Import Request.
  Time since last request: 0.000033 seconds.
  path: Assets/Scenes/Day One (Base).unity
  artifactKey: Guid(6637e23f35ba2cd459c63b82e3eae9b4) Importer(815301076,1909f56bfc062723c751e8b465ee728b)
Start importing Assets/Scenes/Day One (Base).unity using Guid(6637e23f35ba2cd459c63b82e3eae9b4) Importer(815301076,1909f56bfc062723c751e8b465ee728b)  -> (artifact id: 'f59717e3b0babcbc307dbb7d3a1b19ae') in 0.014881 seconds 
========================================================================
Received Import Request.
  Time since last request: 11.897735 seconds.
  path: Assets/Scenes/Title Screen.unity
  artifactKey: Guid(c446fb96c17706a47ab0cee3b6e83202) Importer(815301076,1909f56bfc062723c751e8b465ee728b)
Start importing Assets/Scenes/Title Screen.unity using Guid(c446fb96c17706a47ab0cee3b6e83202) Importer(815301076,1909f56bfc062723c751e8b465ee728b)  -> (artifact id: '4c64aa9207d0f6de16ac95920b8a62a9') in 0.019031 seconds 
========================================================================
Received Prepare
Registering precompiled user dll's ...
Registered in 0.012433 seconds.
Begin MonoManager ReloadAssembly
Symbol file LoadedFromMemory doesn't match image C:\Users\jvish\OneDrive\Pictures\Documents\HW2\GJ #2\Library\PackageCache\com.unity.visualscripting@1.7.8\Editor\VisualScripting.Core\Dependencies\YamlDotNet\Unity.VisualScripting.YamlDotNet.dll
Symbol file LoadedFromMemory doesn't match image C:\Users\jvish\OneDrive\Pictures\Documents\HW2\GJ #2\Library\PackageCache\com.unity.visualscripting@1.7.8\Editor\VisualScripting.Core\Dependencies\DotNetZip\Unity.VisualScripting.IonicZip.dll
Native extension for WindowsStandalone target not found
Refreshing native plugins compatible for Editor in 1.49 ms, found 3 plugins.
Preloading 0 native plugins for Editor in 0.00 ms.
Mono: successfully reloaded assembly
- Completed reload, in  2.579 seconds
Domain Reload Profiling:
	ReloadAssembly (2581ms)
		BeginReloadAssembly (205ms)
			ExecutionOrderSort (0ms)
			DisableScriptedObjects (9ms)
			BackupInstance (0ms)
			ReleaseScriptingObjects (0ms)
			CreateAndSetChildDomain (50ms)
		EndReloadAssembly (2210ms)
			LoadAssemblies (160ms)
			RebuildTransferFunctionScriptingTraits (0ms)
			SetupTypeCache (720ms)
			ReleaseScriptCaches (4ms)
			RebuildScriptCaches (128ms)
			SetupLoadedEditorAssemblies (986ms)
				LogAssemblyErrors (0ms)
				InitializePlatformSupportModulesInManaged (48ms)
				SetLoadedEditorAssemblies (3ms)
				RefreshPlugins (2ms)
				BeforeProcessingInitializeOnLoad (237ms)
				ProcessInitializeOnLoadAttributes (583ms)
				ProcessInitializeOnLoadMethodAttributes (84ms)
				AfterProcessingInitializeOnLoad (28ms)
				EditorAssembliesLoaded (1ms)
			ExecutionOrderSort2 (0ms)
			AwakeInstancesAfterBackupRestoration (26ms)
Platform modules already initialized, skipping
Refreshing native plugins compatible for Editor in 3.94 ms, found 3 plugins.
Preloading 0 native plugins for Editor in 0.00 ms.
Unloading 3382 Unused Serialized files (Serialized files now loaded: 0)
Unloading 20 unused Assets / (79.1 KB). Loaded Objects now: 3851.
Memory consumption went from 117.4 MB to 117.3 MB.
Total: 9.124900 ms (FindLiveObjects: 0.466800 ms CreateObjectMapping: 0.397400 ms MarkObjects: 7.838600 ms  DeleteObjects: 0.414900 ms)

AssetImportParameters requested are different than current active one (requested -> active):
  custom:video-decoder-ogg-theora: a1e56fd34408186e4bbccfd4996cb3dc -> 
  custom:container-muxer-webm: aa71ff27fc2769a1b78a27578f13a17b -> 
  custom:container-demuxer-webm: 4f35f7cbe854078d1ac9338744f61a02 -> 
  custom:video-encoder-webm-vp8: eb34c28f22e8b96e1ab97ce403110664 -> 
  custom:video-codec-MediaFoundation-h265: 746d11721c4dcdbdad8f713fa42b33f4 -> 
  custom:audio-encoder-webm-vorbis: bf7c407c2cedff20999df2af8eb42d56 -> 
  custom:framework-win-MediaFoundation: 216162199b28c13a410421893ffa2e32 -> 
  custom:container-demuxer-ogg: 62fdf1f143b41e24485cea50d1cbac27 -> 
  custom:video-decoder-webm-vp8: 9c59270c3fd7afecdb556c50c9e8de78 -> 
  custom:audio-decoder-ogg-vorbis: bf7c407c2cedff20999df2af8eb42d56 -> 
========================================================================
Received Prepare
Registering precompiled user dll's ...
Registered in 0.010777 seconds.
Begin MonoManager ReloadAssembly
Symbol file LoadedFromMemory doesn't match image C:\Users\jvish\OneDrive\Pictures\Documents\HW2\GJ #2\Library\PackageCache\com.unity.visualscripting@1.7.8\Editor\VisualScripting.Core\Dependencies\YamlDotNet\Unity.VisualScripting.YamlDotNet.dll
Symbol file LoadedFromMemory doesn't match image C:\Users\jvish\OneDrive\Pictures\Documents\HW2\GJ #2\Library\PackageCache\com.unity.visualscripting@1.7.8\Editor\VisualScripting.Core\Dependencies\DotNetZip\Unity.VisualScripting.IonicZip.dll
Native extension for WindowsStandalone target not found
Refreshing native plugins compatible for Editor in 1.42 ms, found 3 plugins.
Preloading 0 native plugins for Editor in 0.00 ms.
Mono: successfully reloaded assembly
- Completed reload, in  3.080 seconds
Domain Reload Profiling:
	ReloadAssembly (3082ms)
		BeginReloadAssembly (254ms)
			ExecutionOrderSort (0ms)
			DisableScriptedObjects (11ms)
			BackupInstance (0ms)
			ReleaseScriptingObjects (0ms)
			CreateAndSetChildDomain (59ms)
		EndReloadAssembly (2628ms)
			LoadAssemblies (188ms)
			RebuildTransferFunctionScriptingTraits (0ms)
			SetupTypeCache (903ms)
			ReleaseScriptCaches (4ms)
			RebuildScriptCaches (144ms)
			SetupLoadedEditorAssemblies (1211ms)
				LogAssemblyErrors (0ms)
				InitializePlatformSupportModulesInManaged (41ms)
				SetLoadedEditorAssemblies (1ms)
				RefreshPlugins (2ms)
				BeforeProcessingInitializeOnLoad (219ms)
				ProcessInitializeOnLoadAttributes (829ms)
				ProcessInitializeOnLoadMethodAttributes (95ms)
				AfterProcessingInitializeOnLoad (25ms)
				EditorAssembliesLoaded (0ms)
			ExecutionOrderSort2 (0ms)
			AwakeInstancesAfterBackupRestoration (28ms)
Platform modules already initialized, skipping
Refreshing native plugins compatible for Editor in 12.40 ms, found 3 plugins.
Preloading 0 native plugins for Editor in 0.00 ms.
Unloading 3382 Unused Serialized files (Serialized files now loaded: 0)
Unloading 20 unused Assets / (79.1 KB). Loaded Objects now: 3854.
Memory consumption went from 117.4 MB to 117.3 MB.
Total: 10.788000 ms (FindLiveObjects: 1.169000 ms CreateObjectMapping: 1.062200 ms MarkObjects: 8.378400 ms  DeleteObjects: 0.176700 ms)

AssetImportParameters requested are different than current active one (requested -> active):
  custom:video-decoder-ogg-theora: a1e56fd34408186e4bbccfd4996cb3dc -> 
  custom:container-muxer-webm: aa71ff27fc2769a1b78a27578f13a17b -> 
  custom:container-demuxer-webm: 4f35f7cbe854078d1ac9338744f61a02 -> 
  custom:video-encoder-webm-vp8: eb34c28f22e8b96e1ab97ce403110664 -> 
  custom:video-codec-MediaFoundation-h265: 746d11721c4dcdbdad8f713fa42b33f4 -> 
  custom:audio-encoder-webm-vorbis: bf7c407c2cedff20999df2af8eb42d56 -> 
  custom:framework-win-MediaFoundation: 216162199b28c13a410421893ffa2e32 -> 
  custom:container-demuxer-ogg: 62fdf1f143b41e24485cea50d1cbac27 -> 
  custom:video-decoder-webm-vp8: 9c59270c3fd7afecdb556c50c9e8de78 -> 
  custom:audio-decoder-ogg-vorbis: bf7c407c2cedff20999df2af8eb42d56 -> 
========================================================================
Received Prepare
Registering precompiled user dll's ...
Registered in 0.009256 seconds.
Begin MonoManager ReloadAssembly
Symbol file LoadedFromMemory doesn't match image C:\Users\jvish\OneDrive\Pictures\Documents\HW2\GJ #2\Library\PackageCache\com.unity.visualscripting@1.7.8\Editor\VisualScripting.Core\Dependencies\YamlDotNet\Unity.VisualScripting.YamlDotNet.dll
Symbol file LoadedFromMemory doesn't match image C:\Users\jvish\OneDrive\Pictures\Documents\HW2\GJ #2\Library\PackageCache\com.unity.visualscripting@1.7.8\Editor\VisualScripting.Core\Dependencies\DotNetZip\Unity.VisualScripting.IonicZip.dll
Native extension for WindowsStandalone target not found
Refreshing native plugins compatible for Editor in 0.79 ms, found 3 plugins.
Preloading 0 native plugins for Editor in 0.00 ms.
Mono: successfully reloaded assembly
- Completed reload, in  2.440 seconds
Domain Reload Profiling:
	ReloadAssembly (2441ms)
		BeginReloadAssembly (205ms)
			ExecutionOrderSort (0ms)
			DisableScriptedObjects (7ms)
			BackupInstance (0ms)
			ReleaseScriptingObjects (0ms)
			CreateAndSetChildDomain (58ms)
		EndReloadAssembly (2061ms)
			LoadAssemblies (136ms)
			RebuildTransferFunctionScriptingTraits (0ms)
			SetupTypeCache (752ms)
			ReleaseScriptCaches (3ms)
			RebuildScriptCaches (136ms)
			SetupLoadedEditorAssemblies (844ms)
				LogAssemblyErrors (0ms)
				InitializePlatformSupportModulesInManaged (39ms)
				SetLoadedEditorAssemblies (1ms)
				RefreshPlugins (1ms)
				BeforeProcessingInitializeOnLoad (179ms)
				ProcessInitializeOnLoadAttributes (529ms)
				ProcessInitializeOnLoadMethodAttributes (75ms)
				AfterProcessingInitializeOnLoad (19ms)
				EditorAssembliesLoaded (1ms)
			ExecutionOrderSort2 (0ms)
			AwakeInstancesAfterBackupRestoration (21ms)
Platform modules already initialized, skipping
Refreshing native plugins compatible for Editor in 7.80 ms, found 3 plugins.
Preloading 0 native plugins for Editor in 0.00 ms.
Unloading 3382 Unused Serialized files (Serialized files now loaded: 0)
Unloading 20 unused Assets / (79.1 KB). Loaded Objects now: 3857.
Memory consumption went from 117.4 MB to 117.4 MB.
Total: 8.027000 ms (FindLiveObjects: 0.715000 ms CreateObjectMapping: 0.661300 ms MarkObjects: 6.463600 ms  DeleteObjects: 0.185100 ms)

AssetImportParameters requested are different than current active one (requested -> active):
  custom:video-decoder-ogg-theora: a1e56fd34408186e4bbccfd4996cb3dc -> 
  custom:container-muxer-webm: aa71ff27fc2769a1b78a27578f13a17b -> 
  custom:container-demuxer-webm: 4f35f7cbe854078d1ac9338744f61a02 -> 
  custom:video-encoder-webm-vp8: eb34c28f22e8b96e1ab97ce403110664 -> 
  custom:video-codec-MediaFoundation-h265: 746d11721c4dcdbdad8f713fa42b33f4 -> 
  custom:audio-encoder-webm-vorbis: bf7c407c2cedff20999df2af8eb42d56 -> 
  custom:framework-win-MediaFoundation: 216162199b28c13a410421893ffa2e32 -> 
  custom:container-demuxer-ogg: 62fdf1f143b41e24485cea50d1cbac27 -> 
  custom:video-decoder-webm-vp8: 9c59270c3fd7afecdb556c50c9e8de78 -> 
  custom:audio-decoder-ogg-vorbis: bf7c407c2cedff20999df2af8eb42d56 -> 
========================================================================
Received Import Request.
  Time since last request: 307.166565 seconds.
  path: Assets/Models/Platformer Kit/Kenney Platform Kit/arrow.fbx
  artifactKey: Guid(87c0b7ba1929ea948b64313448adac6c) Importer(815301076,1909f56bfc062723c751e8b465ee728b)
Start importing Assets/Models/Platformer Kit/Kenney Platform Kit/arrow.fbx using Guid(87c0b7ba1929ea948b64313448adac6c) Importer(815301076,1909f56bfc062723c751e8b465ee728b)  -> (artifact id: '9fab3725e7c5d036cd8e2a7fb463bc8f') in 0.327121 seconds 
========================================================================
Received Import Request.
  Time since last request: 0.000037 seconds.
  path: Assets/Models/Platformer Kit/Kenney Platform Kit/blockCliff.fbx
  artifactKey: Guid(7f9addf5570c6994fa4fd26749fe4281) Importer(815301076,1909f56bfc062723c751e8b465ee728b)
Start importing Assets/Models/Platformer Kit/Kenney Platform Kit/blockCliff.fbx using Guid(7f9addf5570c6994fa4fd26749fe4281) Importer(815301076,1909f56bfc062723c751e8b465ee728b)  -> (artifact id: 'ece3e68770d63a413421eb176e39aeb9') in 0.127613 seconds 
========================================================================
Received Import Request.
  Time since last request: 0.000042 seconds.
  path: Assets/Models/Platformer Kit/Kenney Platform Kit/blockCurveLow.fbx
  artifactKey: Guid(be3d81367dcb9524bb043288e64608e3) Importer(815301076,1909f56bfc062723c751e8b465ee728b)
Start importing Assets/Models/Platformer Kit/Kenney Platform Kit/blockCurveLow.fbx using Guid(be3d81367dcb9524bb043288e64608e3) Importer(815301076,1909f56bfc062723c751e8b465ee728b)  -> (artifact id: 'b3b423ad82f6c7e28ddf3029c04a0c38') in 0.114559 seconds 
========================================================================
Received Import Request.
  Time since last request: 0.000029 seconds.
  path: Assets/Models/Platformer Kit/Kenney Platform Kit/block.fbx
  artifactKey: Guid(b8bab43c1f6316f4db94cde66e6b0b4d) Importer(815301076,1909f56bfc062723c751e8b465ee728b)
Start importing Assets/Models/Platformer Kit/Kenney Platform Kit/block.fbx using Guid(b8bab43c1f6316f4db94cde66e6b0b4d) Importer(815301076,1909f56bfc062723c751e8b465ee728b)  -> (artifact id: '36ac35d9fae4d8dd682aced48d665a7a') in 0.100707 seconds 
========================================================================
Received Import Request.
  Time since last request: 0.000054 seconds.
  path: Assets/Models/Platformer Kit/Kenney Platform Kit/blockHexagonLow.fbx
  artifactKey: Guid(1c536b56b694f9240af36eacf75f534b) Importer(815301076,1909f56bfc062723c751e8b465ee728b)
Start importing Assets/Models/Platformer Kit/Kenney Platform Kit/blockHexagonLow.fbx using Guid(1c536b56b694f9240af36eacf75f534b) Importer(815301076,1909f56bfc062723c751e8b465ee728b)  -> (artifact id: 'b20dece3df5b508ffb256fc0b366ac59') in 0.106080 seconds 
========================================================================
Received Import Request.
  Time since last request: 0.000050 seconds.
  path: Assets/Models/Platformer Kit/Kenney Platform Kit/blockLevel.fbx
  artifactKey: Guid(dbeb3a7e08a58f7489d7987ebcc8502e) Importer(815301076,1909f56bfc062723c751e8b465ee728b)
Start importing Assets/Models/Platformer Kit/Kenney Platform Kit/blockLevel.fbx using Guid(dbeb3a7e08a58f7489d7987ebcc8502e) Importer(815301076,1909f56bfc062723c751e8b465ee728b)  -> (artifact id: '6e54b8e1490c265a2613a8025bc09731') in 0.118030 seconds 
========================================================================
Received Import Request.
  Time since last request: 0.000047 seconds.
  path: Assets/Models/Platformer Kit/Kenney Platform Kit/blockLong.fbx
  artifactKey: Guid(e0811178ea8a2744c9d55c6f5e810c6d) Importer(815301076,1909f56bfc062723c751e8b465ee728b)
Start importing Assets/Models/Platformer Kit/Kenney Platform Kit/blockLong.fbx using Guid(e0811178ea8a2744c9d55c6f5e810c6d) Importer(815301076,1909f56bfc062723c751e8b465ee728b)  -> (artifact id: 'b2a524376f971d1b9b467c783f166fd4') in 0.096718 seconds 
========================================================================
Received Import Request.
  Time since last request: 0.000039 seconds.
  path: Assets/Models/Platformer Kit/Kenney Platform Kit/blockCornerSmall.fbx
  artifactKey: Guid(b9c12e951f636064a937352c578b8375) Importer(815301076,1909f56bfc062723c751e8b465ee728b)
Start importing Assets/Models/Platformer Kit/Kenney Platform Kit/blockCornerSmall.fbx using Guid(b9c12e951f636064a937352c578b8375) Importer(815301076,1909f56bfc062723c751e8b465ee728b)  -> (artifact id: 'fe04e5ee0df9dc0ced331565ca18458f') in 0.098023 seconds 
========================================================================
Received Import Request.
  Time since last request: 0.000072 seconds.
  path: Assets/Models/Platformer Kit/Kenney Platform Kit/blockCliffCorner.fbx
  artifactKey: Guid(19720d183e807ec4699bd65d70b9c45d) Importer(815301076,1909f56bfc062723c751e8b465ee728b)
Start importing Assets/Models/Platformer Kit/Kenney Platform Kit/blockCliffCorner.fbx using Guid(19720d183e807ec4699bd65d70b9c45d) Importer(815301076,1909f56bfc062723c751e8b465ee728b)  -> (artifact id: 'c7f3753dfa51aeee6a8ab0c65104bc0a') in 0.108668 seconds 
========================================================================
Received Import Request.
  Time since last request: 0.000042 seconds.
  path: Assets/Models/Platformer Kit/Kenney Platform Kit/blockMoving.fbx
  artifactKey: Guid(4a0e3460c3e963440903becbd4c20116) Importer(815301076,1909f56bfc062723c751e8b465ee728b)
Start importing Assets/Models/Platformer Kit/Kenney Platform Kit/blockMoving.fbx using Guid(4a0e3460c3e963440903becbd4c20116) Importer(815301076,1909f56bfc062723c751e8b465ee728b)  -> (artifact id: '24de3de8b003450eb292aea19a7c55d8') in 0.095363 seconds 
========================================================================
Received Import Request.
  Time since last request: 0.000061 seconds.
  path: Assets/Models/Platformer Kit/Kenney Platform Kit/blockCornerLarge.fbx
  artifactKey: Guid(4f69c00aab1ceaf4c8be3220c41f7b4f) Importer(815301076,1909f56bfc062723c751e8b465ee728b)
Start importing Assets/Models/Platformer Kit/Kenney Platform Kit/blockCornerLarge.fbx using Guid(4f69c00aab1ceaf4c8be3220c41f7b4f) Importer(815301076,1909f56bfc062723c751e8b465ee728b)  -> (artifact id: '784bad8532141504cae5e9bf3e6055ea') in 0.095762 seconds 
========================================================================
Received Import Request.
  Time since last request: 0.000075 seconds.
  path: Assets/Models/Platformer Kit/Kenney Platform Kit/blockDirtHalf.fbx
  artifactKey: Guid(8808d7204daa1f54992676e43843c8e4) Importer(815301076,1909f56bfc062723c751e8b465ee728b)
Start importing Assets/Models/Platformer Kit/Kenney Platform Kit/blockDirtHalf.fbx using Guid(8808d7204daa1f54992676e43843c8e4) Importer(815301076,1909f56bfc062723c751e8b465ee728b)  -> (artifact id: 'f0807b5cc41e99767b27b881e5fdf325') in 0.093171 seconds 
========================================================================
Received Import Request.
  Time since last request: 0.157686 seconds.
  path: Assets/Models/Platformer Kit/Kenney Platform Kit/blockMovingRed.fbx
  artifactKey: Guid(2992c342982c7ad47936c5f9a09282c1) Importer(815301076,1909f56bfc062723c751e8b465ee728b)
Start importing Assets/Models/Platformer Kit/Kenney Platform Kit/blockMovingRed.fbx using Guid(2992c342982c7ad47936c5f9a09282c1) Importer(815301076,1909f56bfc062723c751e8b465ee728b)  -> (artifact id: 'd6bfa348f5edba7fb540482e2d7bf520') in 0.071974 seconds 
========================================================================
Received Import Request.
  Time since last request: 0.000031 seconds.
  path: Assets/Models/Platformer Kit/Kenney Platform Kit/blockSnow.fbx
  artifactKey: Guid(4a2297004f2a9d043ab0bce64cfff9c4) Importer(815301076,1909f56bfc062723c751e8b465ee728b)
Start importing Assets/Models/Platformer Kit/Kenney Platform Kit/blockSnow.fbx using Guid(4a2297004f2a9d043ab0bce64cfff9c4) Importer(815301076,1909f56bfc062723c751e8b465ee728b)  -> (artifact id: 'eebd9e4c310a13a72ded77dd778413e1') in 0.107261 seconds 
========================================================================
Received Import Request.
  Time since last request: 0.000440 seconds.
  path: Assets/Models/Platformer Kit/Kenney Platform Kit/blockSnowCliffCorner.fbx
  artifactKey: Guid(031c916d92d5ee44a8c16e4dadca8307) Importer(815301076,1909f56bfc062723c751e8b465ee728b)
Start importing Assets/Models/Platformer Kit/Kenney Platform Kit/blockSnowCliffCorner.fbx using Guid(031c916d92d5ee44a8c16e4dadca8307) Importer(815301076,1909f56bfc062723c751e8b465ee728b)  -> (artifact id: '51b8ca47c80a12fa4ec501c1c7321603') in 0.102510 seconds 
========================================================================
Received Import Request.
  Time since last request: 0.000036 seconds.
  path: Assets/Models/Platformer Kit/Kenney Platform Kit/blockRoundedLow.fbx
  artifactKey: Guid(199828d0ae202df479a249ff9e96b3b8) Importer(815301076,1909f56bfc062723c751e8b465ee728b)
Start importing Assets/Models/Platformer Kit/Kenney Platform Kit/blockRoundedLow.fbx using Guid(199828d0ae202df479a249ff9e96b3b8) Importer(815301076,1909f56bfc062723c751e8b465ee728b)  -> (artifact id: '18110ba1468306c15fb09b3b525e31fc') in 0.109872 seconds 
========================================================================
Received Import Request.
  Time since last request: 0.000048 seconds.
  path: Assets/Models/Platformer Kit/Kenney Platform Kit/blockSnowHexagon.fbx
  artifactKey: Guid(4ec2db04c0d396c49805991ab7b9bebf) Importer(815301076,1909f56bfc062723c751e8b465ee728b)
Start importing Assets/Models/Platformer Kit/Kenney Platform Kit/blockSnowHexagon.fbx using Guid(4ec2db04c0d396c49805991ab7b9bebf) Importer(815301076,1909f56bfc062723c751e8b465ee728b)  -> (artifact id: '275b1be044a5b5d23e5ec251cccedca3') in 0.092770 seconds 
========================================================================
Received Import Request.
  Time since last request: 0.000048 seconds.
  path: Assets/Models/Platformer Kit/Kenney Platform Kit/blockSnowRoundedLowLong.fbx
  artifactKey: Guid(a4b7de67839cd91439bb431e865156dd) Importer(815301076,1909f56bfc062723c751e8b465ee728b)
Start importing Assets/Models/Platformer Kit/Kenney Platform Kit/blockSnowRoundedLowLong.fbx using Guid(a4b7de67839cd91439bb431e865156dd) Importer(815301076,1909f56bfc062723c751e8b465ee728b)  -> (artifact id: 'ec6ac1e7d577b6fecd0b80e2377cc1e4') in 0.124127 seconds 
========================================================================
Received Import Request.
  Time since last request: 0.000080 seconds.
  path: Assets/Models/Platformer Kit/Kenney Platform Kit/blockSnowEnd.fbx
  artifactKey: Guid(996b4520dea71174bb05e4ae62fe0682) Importer(815301076,1909f56bfc062723c751e8b465ee728b)
Start importing Assets/Models/Platformer Kit/Kenney Platform Kit/blockSnowEnd.fbx using Guid(996b4520dea71174bb05e4ae62fe0682) Importer(815301076,1909f56bfc062723c751e8b465ee728b)  -> (artifact id: 'e5495676379234bbe736cbcdadbf8475') in 0.105351 seconds 
========================================================================
Received Import Request.
  Time since last request: 0.000074 seconds.
  path: Assets/Models/Platformer Kit/Kenney Platform Kit/coinSilver.fbx
  artifactKey: Guid(22afb3f18dd8c364ab4d39b5776ebdab) Importer(815301076,1909f56bfc062723c751e8b465ee728b)
Start importing Assets/Models/Platformer Kit/Kenney Platform Kit/coinSilver.fbx using Guid(22afb3f18dd8c364ab4d39b5776ebdab) Importer(815301076,1909f56bfc062723c751e8b465ee728b)  -> (artifact id: '2bc855b0824a06d582e0825a24e638d1') in 0.111896 seconds 
========================================================================
Received Import Request.
  Time since last request: 0.000029 seconds.
  path: Assets/Models/Platformer Kit/Kenney Platform Kit/crateStrong.fbx
  artifactKey: Guid(40701c4fb9d291b4a93318d76537c1a3) Importer(815301076,1909f56bfc062723c751e8b465ee728b)
Start importing Assets/Models/Platformer Kit/Kenney Platform Kit/crateStrong.fbx using Guid(40701c4fb9d291b4a93318d76537c1a3) Importer(815301076,1909f56bfc062723c751e8b465ee728b)  -> (artifact id: 'eaea1adb593d4a4d3d200d59bad8bf4f') in 0.123848 seconds 
========================================================================
Received Import Request.
  Time since last request: 0.000109 seconds.
  path: Assets/Models/City Roads/FBX format/construction_pylon.fbx
  artifactKey: Guid(f07e6daad7dcf214984b6878de95ae7c) Importer(815301076,1909f56bfc062723c751e8b465ee728b)
Start importing Assets/Models/City Roads/FBX format/construction_pylon.fbx using Guid(f07e6daad7dcf214984b6878de95ae7c) Importer(815301076,1909f56bfc062723c751e8b465ee728b)  -> (artifact id: '26cc7e878c18893f92fb41af41f1c5eb') in 0.090574 seconds 
========================================================================
Received Import Request.
  Time since last request: 0.000097 seconds.
  path: Assets/Models/Platformer Kit/Kenney Platform Kit/coinBronze.fbx
  artifactKey: Guid(4fc68d50f91566e4eb1826f8706f42ec) Importer(815301076,1909f56bfc062723c751e8b465ee728b)
Start importing Assets/Models/Platformer Kit/Kenney Platform Kit/coinBronze.fbx using Guid(4fc68d50f91566e4eb1826f8706f42ec) Importer(815301076,1909f56bfc062723c751e8b465ee728b)  -> (artifact id: '09b7173d1fcd82865e8d78eeca5ff8d5') in 0.102428 seconds 
========================================================================
Received Import Request.
  Time since last request: 0.000057 seconds.
  path: Assets/Models/Platformer Kit/Kenney Platform Kit/blockSnowCornerSmall.fbx
  artifactKey: Guid(a7cc1d93b44791e489b3daa87a1854bf) Importer(815301076,1909f56bfc062723c751e8b465ee728b)
Start importing Assets/Models/Platformer Kit/Kenney Platform Kit/blockSnowCornerSmall.fbx using Guid(a7cc1d93b44791e489b3daa87a1854bf) Importer(815301076,1909f56bfc062723c751e8b465ee728b)  -> (artifact id: 'e8fdcb822a777d6b1150443667b34a9f') in 0.120901 seconds 
========================================================================
Received Import Request.
  Time since last request: 0.000049 seconds.
  path: Assets/Models/City Skyscrapers/FBX format/detail_awning.fbx
  artifactKey: Guid(f5a6e6e69f59a1a4ab0e5a34fb6783da) Importer(815301076,1909f56bfc062723c751e8b465ee728b)
Start importing Assets/Models/City Skyscrapers/FBX format/detail_awning.fbx using Guid(f5a6e6e69f59a1a4ab0e5a34fb6783da) Importer(815301076,1909f56bfc062723c751e8b465ee728b)  -> (artifact id: '6155db41a7ec77cb3146c3855807c9a7') in 0.120384 seconds 
========================================================================
Received Import Request.
  Time since last request: 0.000037 seconds.
  path: Assets/Models/Platformer Kit/Kenney Platform Kit/fenceCornerCurved.fbx
  artifactKey: Guid(52665993946695943b09c8f984e03f2e) Importer(815301076,1909f56bfc062723c751e8b465ee728b)
Start importing Assets/Models/Platformer Kit/Kenney Platform Kit/fenceCornerCurved.fbx using Guid(52665993946695943b09c8f984e03f2e) Importer(815301076,1909f56bfc062723c751e8b465ee728b)  -> (artifact id: '1f3542adc1b64035e1ecbf4a105f5efd') in 0.099655 seconds 
========================================================================
Received Import Request.
  Time since last request: 0.000117 seconds.
  path: Assets/Models/City Suburbs/FBX format/fence_medium.fbx
  artifactKey: Guid(21bca2781c67b8e43bce162ff576a78f) Importer(815301076,1909f56bfc062723c751e8b465ee728b)
Start importing Assets/Models/City Suburbs/FBX format/fence_medium.fbx using Guid(21bca2781c67b8e43bce162ff576a78f) Importer(815301076,1909f56bfc062723c751e8b465ee728b)  -> (artifact id: 'b6db46910a59e3f7e5f6cd9c25a3e105') in 0.076634 seconds 
========================================================================
Received Import Request.
  Time since last request: 0.000040 seconds.
  path: Assets/Models/Platformer Kit/Kenney Platform Kit/fenceBroken.fbx
  artifactKey: Guid(a2a26f8e7d861b94cafe35e1e16abeb9) Importer(815301076,1909f56bfc062723c751e8b465ee728b)
Start importing Assets/Models/Platformer Kit/Kenney Platform Kit/fenceBroken.fbx using Guid(a2a26f8e7d861b94cafe35e1e16abeb9) Importer(815301076,1909f56bfc062723c751e8b465ee728b)  -> (artifact id: 'dbe93f6c673a43d55d8b3e4e46a1d1f0') in 0.122394 seconds 
========================================================================
Received Import Request.
  Time since last request: 0.000060 seconds.
  path: Assets/Models/Assets/House-GoldMine-FBX/House_01.fbx
  artifactKey: Guid(4e4c470369cbfe349a435f2c42a4d9c3) Importer(815301076,1909f56bfc062723c751e8b465ee728b)
Start importing Assets/Models/Assets/House-GoldMine-FBX/House_01.fbx using Guid(4e4c470369cbfe349a435f2c42a4d9c3) Importer(815301076,1909f56bfc062723c751e8b465ee728b)  -> (artifact id: 'a8c5ab0c65f33db338b1c3da814a5a23') in 0.237417 seconds 
========================================================================
Received Import Request.
  Time since last request: 0.000035 seconds.
  path: Assets/Models/City Suburbs/FBX format/house_type10.fbx
  artifactKey: Guid(a6c3599b672b9a24f8182cc932be9967) Importer(815301076,1909f56bfc062723c751e8b465ee728b)
Start importing Assets/Models/City Suburbs/FBX format/house_type10.fbx using Guid(a6c3599b672b9a24f8182cc932be9967) Importer(815301076,1909f56bfc062723c751e8b465ee728b)  -> (artifact id: 'f409059b7f6ba8eece5a38e257635796') in 0.133572 seconds 
========================================================================
Received Import Request.
  Time since last request: 0.000043 seconds.
  path: Assets/Models/City Suburbs/FBX format/house_type06.fbx
  artifactKey: Guid(1fbec04ac15cdac45bc556c5d68991e6) Importer(815301076,1909f56bfc062723c751e8b465ee728b)
Start importing Assets/Models/City Suburbs/FBX format/house_type06.fbx using Guid(1fbec04ac15cdac45bc556c5d68991e6) Importer(815301076,1909f56bfc062723c751e8b465ee728b)  -> (artifact id: '08182a8ad5987ebad0869eb0becb1419') in 0.146121 seconds 
========================================================================
Received Import Request.
  Time since last request: 0.000184 seconds.
  path: Assets/Models/Platformer Kit/Kenney Platform Kit/fenceLow.fbx
  artifactKey: Guid(c07b3535d7dacd141a7351a6ec5e1f75) Importer(815301076,1909f56bfc062723c751e8b465ee728b)
Start importing Assets/Models/Platformer Kit/Kenney Platform Kit/fenceLow.fbx using Guid(c07b3535d7dacd141a7351a6ec5e1f75) Importer(815301076,1909f56bfc062723c751e8b465ee728b)  -> (artifact id: 'e8e9f227bd4b0583adaec4f8cd1c2bba') in 0.145671 seconds 
========================================================================
Received Import Request.
  Time since last request: 0.000034 seconds.
  path: Assets/Models/Platformer Kit/Kenney Platform Kit/hedge.fbx
  artifactKey: Guid(1988091943ef4ba4e9e4fa2acdb87642) Importer(815301076,1909f56bfc062723c751e8b465ee728b)
Start importing Assets/Models/Platformer Kit/Kenney Platform Kit/hedge.fbx using Guid(1988091943ef4ba4e9e4fa2acdb87642) Importer(815301076,1909f56bfc062723c751e8b465ee728b)  -> (artifact id: 'd34bc1b2af02a17b18b92c016916421e') in 0.112242 seconds 
========================================================================
Received Import Request.
  Time since last request: 0.000051 seconds.
  path: Assets/Models/City Suburbs/FBX format/house_type01.fbx
  artifactKey: Guid(1b59de4f50b09de4094bed68c0356419) Importer(815301076,1909f56bfc062723c751e8b465ee728b)
Start importing Assets/Models/City Suburbs/FBX format/house_type01.fbx using Guid(1b59de4f50b09de4094bed68c0356419) Importer(815301076,1909f56bfc062723c751e8b465ee728b)  -> (artifact id: '87cfe2fe571520c0c778189cfdecf52f') in 0.142872 seconds 
========================================================================
Received Import Request.
  Time since last request: 0.000028 seconds.
  path: Assets/Models/City Suburbs/FBX format/house_type03.fbx
  artifactKey: Guid(24d4d0d3562120f4fb92185f439709fe) Importer(815301076,1909f56bfc062723c751e8b465ee728b)
Start importing Assets/Models/City Suburbs/FBX format/house_type03.fbx using Guid(24d4d0d3562120f4fb92185f439709fe) Importer(815301076,1909f56bfc062723c751e8b465ee728b)  -> (artifact id: '4586ac55643e980c5f3f7558ba4b7474') in 0.153986 seconds 
========================================================================
Received Import Request.
  Time since last request: 0.000025 seconds.
  path: Assets/Models/City Suburbs/FBX format/house_type02.fbx
  artifactKey: Guid(1922d35f56894864aa53cffcf89dbd4d) Importer(815301076,1909f56bfc062723c751e8b465ee728b)
Start importing Assets/Models/City Suburbs/FBX format/house_type02.fbx using Guid(1922d35f56894864aa53cffcf89dbd4d) Importer(815301076,1909f56bfc062723c751e8b465ee728b)  -> (artifact id: '93f698477f68f1ebcbac2945a88c6261') in 0.120193 seconds 
========================================================================
Received Import Request.
  Time since last request: 0.000041 seconds.
  path: Assets/Models/Platformer Kit/Kenney Platform Kit/blockSnowLevel.fbx
  artifactKey: Guid(86095c6cf7956da4698ad5021e043af0) Importer(815301076,1909f56bfc062723c751e8b465ee728b)
Start importing Assets/Models/Platformer Kit/Kenney Platform Kit/blockSnowLevel.fbx using Guid(86095c6cf7956da4698ad5021e043af0) Importer(815301076,1909f56bfc062723c751e8b465ee728b)  -> (artifact id: '8c3fde8f92e7c6a5f8aa56012c5f43db') in 0.103109 seconds 
========================================================================
Received Import Request.
  Time since last request: 0.000087 seconds.
  path: Assets/Models/City Roads/FBX format/bridge_pillarWide.fbx
  artifactKey: Guid(15a72ff4ab5df264890310e7a9c103ce) Importer(815301076,1909f56bfc062723c751e8b465ee728b)
Start importing Assets/Models/City Roads/FBX format/bridge_pillarWide.fbx using Guid(15a72ff4ab5df264890310e7a9c103ce) Importer(815301076,1909f56bfc062723c751e8b465ee728b)  -> (artifact id: '62170bc6b88cde9d142ccb9c209d5446') in 0.099209 seconds 
========================================================================
Received Import Request.
  Time since last request: 0.000041 seconds.
  path: Assets/Models/Assets/House-GoldMine-FBX/GoldMine.fbx
  artifactKey: Guid(4a2be42e867c2e34ca1daee6779b6a82) Importer(815301076,1909f56bfc062723c751e8b465ee728b)
Start importing Assets/Models/Assets/House-GoldMine-FBX/GoldMine.fbx using Guid(4a2be42e867c2e34ca1daee6779b6a82) Importer(815301076,1909f56bfc062723c751e8b465ee728b)  -> (artifact id: '3138b6226370d446b5325bc5d856e609') in 0.149931 seconds 
========================================================================
Received Import Request.
  Time since last request: 0.000043 seconds.
  path: Assets/Models/City Suburbs/FBX format/house_type04.fbx
  artifactKey: Guid(ba869682bba5f3c40809f4e35259035b) Importer(815301076,1909f56bfc062723c751e8b465ee728b)
Start importing Assets/Models/City Suburbs/FBX format/house_type04.fbx using Guid(ba869682bba5f3c40809f4e35259035b) Importer(815301076,1909f56bfc062723c751e8b465ee728b)  -> (artifact id: 'b6ff91612b853ada4d8c1edd849f2b4d') in 0.128406 seconds 
========================================================================
Received Import Request.
  Time since last request: 0.000046 seconds.
  path: Assets/Models/Platformer Kit/Kenney Platform Kit/blockSnowSlopeHalf.fbx
  artifactKey: Guid(39d1b7b4ea9f7cb42b428927b27c3ac7) Importer(815301076,1909f56bfc062723c751e8b465ee728b)
Start importing Assets/Models/Platformer Kit/Kenney Platform Kit/blockSnowSlopeHalf.fbx using Guid(39d1b7b4ea9f7cb42b428927b27c3ac7) Importer(815301076,1909f56bfc062723c751e8b465ee728b)  -> (artifact id: '7c73fe12d63480a82641c2d665a46027') in 0.069618 seconds 
========================================================================
Received Import Request.
  Time since last request: 0.000035 seconds.
  path: Assets/Models/City Suburbs/FBX format/driveway_short.fbx
  artifactKey: Guid(af1a0b6ff71765b4eb67d810011195ae) Importer(815301076,1909f56bfc062723c751e8b465ee728b)
Start importing Assets/Models/City Suburbs/FBX format/driveway_short.fbx using Guid(af1a0b6ff71765b4eb67d810011195ae) Importer(815301076,1909f56bfc062723c751e8b465ee728b)  -> (artifact id: 'bc36bea9e0ee54d82e188f5ad2f08c55') in 0.092842 seconds 
========================================================================
Received Import Request.
  Time since last request: 0.000036 seconds.
  path: Assets/Models/City Skyscrapers/FBX format/detail_overhangWide.fbx
  artifactKey: Guid(faca07326333b6348bf03f8888c4f8d1) Importer(815301076,1909f56bfc062723c751e8b465ee728b)
Start importing Assets/Models/City Skyscrapers/FBX format/detail_overhangWide.fbx using Guid(faca07326333b6348bf03f8888c4f8d1) Importer(815301076,1909f56bfc062723c751e8b465ee728b)  -> (artifact id: '074c9f928201ee91ebeb6fbd1f2b1a2c') in 0.067958 seconds 
========================================================================
Received Import Request.
  Time since last request: 0.000030 seconds.
  path: Assets/Models/City Suburbs/FBX format/fence_large.fbx
  artifactKey: Guid(29a3d5034bc848240b64a46849bde6d5) Importer(815301076,1909f56bfc062723c751e8b465ee728b)
Start importing Assets/Models/City Suburbs/FBX format/fence_large.fbx using Guid(29a3d5034bc848240b64a46849bde6d5) Importer(815301076,1909f56bfc062723c751e8b465ee728b)  -> (artifact id: 'c8edc17fc26d678e739026ff3288cccc') in 0.069549 seconds 
========================================================================
Received Import Request.
  Time since last request: 0.000032 seconds.
  path: Assets/Models/City Suburbs/FBX format/house_type14.fbx
  artifactKey: Guid(f1dac0bac9c506447a79b90cfab3edb0) Importer(815301076,1909f56bfc062723c751e8b465ee728b)
Start importing Assets/Models/City Suburbs/FBX format/house_type14.fbx using Guid(f1dac0bac9c506447a79b90cfab3edb0) Importer(815301076,1909f56bfc062723c751e8b465ee728b)  -> (artifact id: 'a7436ea93d56ff01c5513a977c3e5b69') in 0.110793 seconds 
========================================================================
Received Import Request.
  Time since last request: 0.000044 seconds.
  path: Assets/Models/Platformer Kit/Kenney Platform Kit/bridgeHalf.fbx
  artifactKey: Guid(9ed4a7b7417666145bcb6d72ac7d6194) Importer(815301076,1909f56bfc062723c751e8b465ee728b)
Start importing Assets/Models/Platformer Kit/Kenney Platform Kit/bridgeHalf.fbx using Guid(9ed4a7b7417666145bcb6d72ac7d6194) Importer(815301076,1909f56bfc062723c751e8b465ee728b)  -> (artifact id: 'b7124ce7579c24b44bf259c7b4817513') in 0.069180 seconds 
========================================================================
Received Import Request.
  Time since last request: 0.000051 seconds.
  path: Assets/Models/Platformer Kit/Kenney Platform Kit/buttonSquare.fbx
  artifactKey: Guid(aab13a5cafe2e0f4e97b8f17278a7f2f) Importer(815301076,1909f56bfc062723c751e8b465ee728b)
Start importing Assets/Models/Platformer Kit/Kenney Platform Kit/buttonSquare.fbx using Guid(aab13a5cafe2e0f4e97b8f17278a7f2f) Importer(815301076,1909f56bfc062723c751e8b465ee728b)  -> (artifact id: '9aaf1b1e6db15e325fc922e9ea647481') in 0.104036 seconds 
========================================================================
Received Import Request.
  Time since last request: 0.000039 seconds.
  path: Assets/Models/Platformer Kit/Kenney Platform Kit/fenceCorner.fbx
  artifactKey: Guid(9bf09766aff05314d92ce09e29bb2dca) Importer(815301076,1909f56bfc062723c751e8b465ee728b)
Start importing Assets/Models/Platformer Kit/Kenney Platform Kit/fenceCorner.fbx using Guid(9bf09766aff05314d92ce09e29bb2dca) Importer(815301076,1909f56bfc062723c751e8b465ee728b)  -> (artifact id: 'f4d47c0db6f62ab94cc4114dd9e736f8') in 0.096335 seconds 
========================================================================
Received Import Request.
  Time since last request: 0.000028 seconds.
  path: Assets/Models/Platformer Kit/Kenney Platform Kit/buttonRound.fbx
  artifactKey: Guid(52de2f3b711154449b37702eae719574) Importer(815301076,1909f56bfc062723c751e8b465ee728b)
Start importing Assets/Models/Platformer Kit/Kenney Platform Kit/buttonRound.fbx using Guid(52de2f3b711154449b37702eae719574) Importer(815301076,1909f56bfc062723c751e8b465ee728b)  -> (artifact id: '636f422a7c69da007ca4a911e95502c1') in 0.120452 seconds 
========================================================================
Received Import Request.
  Time since last request: 0.000051 seconds.
  path: Assets/Models/Platformer Kit/Kenney Platform Kit/flag.fbx
  artifactKey: Guid(075ba6cdccf2d934c8dcbca1aeacd05e) Importer(815301076,1909f56bfc062723c751e8b465ee728b)
Start importing Assets/Models/Platformer Kit/Kenney Platform Kit/flag.fbx using Guid(075ba6cdccf2d934c8dcbca1aeacd05e) Importer(815301076,1909f56bfc062723c751e8b465ee728b)  -> (artifact id: '69d088640af3c7621ee8ca6320513a4b') in 0.115342 seconds 
========================================================================
Received Import Request.
  Time since last request: 0.000034 seconds.
  path: Assets/Models/Platformer Kit/Kenney Platform Kit/blockRounded.fbx
  artifactKey: Guid(79d6078f2c98380488097993daa1d9c9) Importer(815301076,1909f56bfc062723c751e8b465ee728b)
Start importing Assets/Models/Platformer Kit/Kenney Platform Kit/blockRounded.fbx using Guid(79d6078f2c98380488097993daa1d9c9) Importer(815301076,1909f56bfc062723c751e8b465ee728b)  -> (artifact id: 'f6dcbf4f3772156df9ac5943c2ba22ba') in 0.092531 seconds 
========================================================================
Received Import Request.
  Time since last request: 0.000031 seconds.
  path: Assets/Stone Fountain/Models/fountain_LOD1.fbx
  artifactKey: Guid(572baa3f53b89eb429475e0a046dbb45) Importer(815301076,1909f56bfc062723c751e8b465ee728b)
Start importing Assets/Stone Fountain/Models/fountain_LOD1.fbx using Guid(572baa3f53b89eb429475e0a046dbb45) Importer(815301076,1909f56bfc062723c751e8b465ee728b)  -> (artifact id: '47e09d487553cdce0420ec51b8d61965') in 0.058865 seconds 
========================================================================
Received Import Request.
  Time since last request: 0.000044 seconds.
  path: Assets/Models/City Suburbs/FBX format/fence_short.fbx
  artifactKey: Guid(0138a2a5133086c48b4d978efd054615) Importer(815301076,1909f56bfc062723c751e8b465ee728b)
Start importing Assets/Models/City Suburbs/FBX format/fence_short.fbx using Guid(0138a2a5133086c48b4d978efd054615) Importer(815301076,1909f56bfc062723c751e8b465ee728b)  -> (artifact id: 'd07bdc78f639990d1e408290a66ad757') in 0.066073 seconds 
========================================================================
Received Import Request.
  Time since last request: 0.000033 seconds.
  path: Assets/Models/Platformer Kit/Kenney Platform Kit/fenceLowCornerCurved.fbx
  artifactKey: Guid(5a1344515bc221148b96803fcfc8d38a) Importer(815301076,1909f56bfc062723c751e8b465ee728b)
Start importing Assets/Models/Platformer Kit/Kenney Platform Kit/fenceLowCornerCurved.fbx using Guid(5a1344515bc221148b96803fcfc8d38a) Importer(815301076,1909f56bfc062723c751e8b465ee728b)  -> (artifact id: '2198b609fe79a019768939c1fefa5197') in 0.091238 seconds 
========================================================================
Received Import Request.
  Time since last request: 0.000038 seconds.
  path: Assets/Models/Platformer Kit/Kenney Platform Kit/fenceLowCorner.fbx
  artifactKey: Guid(ab3620b0b092b62478fe6e9a99f7cbbf) Importer(815301076,1909f56bfc062723c751e8b465ee728b)
Start importing Assets/Models/Platformer Kit/Kenney Platform Kit/fenceLowCorner.fbx using Guid(ab3620b0b092b62478fe6e9a99f7cbbf) Importer(815301076,1909f56bfc062723c751e8b465ee728b)  -> (artifact id: '0f4d6bbfae4ce1c227f51bebe65f085c') in 0.100004 seconds 
========================================================================
Received Import Request.
  Time since last request: 0.000038 seconds.
  path: Assets/Models/City Skyscrapers/FBX format/detail_awningWide.fbx
  artifactKey: Guid(58a99e53882a8e84c80bd417c0aef478) Importer(815301076,1909f56bfc062723c751e8b465ee728b)
Start importing Assets/Models/City Skyscrapers/FBX format/detail_awningWide.fbx using Guid(58a99e53882a8e84c80bd417c0aef478) Importer(815301076,1909f56bfc062723c751e8b465ee728b)  -> (artifact id: '149af3755460ec63e2301049484e99ae') in 0.108824 seconds 
========================================================================
Received Import Request.
  Time since last request: 0.000050 seconds.
  path: Assets/Models/Platformer Kit/Kenney Platform Kit/blockSnowCurve.fbx
  artifactKey: Guid(a290c3dce1ba8e4458bad158c4de212b) Importer(815301076,1909f56bfc062723c751e8b465ee728b)
Start importing Assets/Models/Platformer Kit/Kenney Platform Kit/blockSnowCurve.fbx using Guid(a290c3dce1ba8e4458bad158c4de212b) Importer(815301076,1909f56bfc062723c751e8b465ee728b)  -> (artifact id: '9ed14b248a71046a7d0fc37b5eadc21d') in 0.065592 seconds 
========================================================================
Received Import Request.
  Time since last request: 0.000033 seconds.
  path: Assets/Models/Platformer Kit/Kenney Platform Kit/blockSnowCornerLarge.fbx
  artifactKey: Guid(95150ca41a67e5648bbf73094180d5d0) Importer(815301076,1909f56bfc062723c751e8b465ee728b)
Start importing Assets/Models/Platformer Kit/Kenney Platform Kit/blockSnowCornerLarge.fbx using Guid(95150ca41a67e5648bbf73094180d5d0) Importer(815301076,1909f56bfc062723c751e8b465ee728b)  -> (artifact id: '5a66dfabe53dc699266b45c1786596ea') in 0.101617 seconds 
========================================================================
Received Import Request.
  Time since last request: 0.000023 seconds.
  path: Assets/Models/Platformer Kit/Kenney Platform Kit/blockSnowRoundedLow.fbx
  artifactKey: Guid(c6af21931e2c24947849f1c8c2a82757) Importer(815301076,1909f56bfc062723c751e8b465ee728b)
Start importing Assets/Models/Platformer Kit/Kenney Platform Kit/blockSnowRoundedLow.fbx using Guid(c6af21931e2c24947849f1c8c2a82757) Importer(815301076,1909f56bfc062723c751e8b465ee728b)  -> (artifact id: '5ac40584f7f4ec2e1e2f577df03ac616') in 0.066741 seconds 
========================================================================
Received Import Request.
  Time since last request: 0.000028 seconds.
  path: Assets/Models/Platformer Kit/Kenney Platform Kit/doorOpen.fbx
  artifactKey: Guid(ef649f060065cbd468a18807155e56f2) Importer(815301076,1909f56bfc062723c751e8b465ee728b)
Start importing Assets/Models/Platformer Kit/Kenney Platform Kit/doorOpen.fbx using Guid(ef649f060065cbd468a18807155e56f2) Importer(815301076,1909f56bfc062723c751e8b465ee728b)  -> (artifact id: 'c59f4b38c4c91453b29a810c6a7dea9d') in 0.066995 seconds 
========================================================================
Received Import Request.
  Time since last request: 0.000035 seconds.
  path: Assets/Models/Platformer Kit/Kenney Platform Kit/bridgeRamp.fbx
  artifactKey: Guid(28d60be9b383ae14f8fe4b9f0c74bc6b) Importer(815301076,1909f56bfc062723c751e8b465ee728b)
Start importing Assets/Models/Platformer Kit/Kenney Platform Kit/bridgeRamp.fbx using Guid(28d60be9b383ae14f8fe4b9f0c74bc6b) Importer(815301076,1909f56bfc062723c751e8b465ee728b)  -> (artifact id: '1b220695b9bea93c671188d92275f59f') in 0.098414 seconds 
========================================================================
Received Import Request.
  Time since last request: 0.000100 seconds.
  path: Assets/Models/Platformer Kit/Kenney Platform Kit/blockSnowCurveHalf.fbx
  artifactKey: Guid(efc7be2dec3ce8b46965c7a0184e5aea) Importer(815301076,1909f56bfc062723c751e8b465ee728b)
Start importing Assets/Models/Platformer Kit/Kenney Platform Kit/blockSnowCurveHalf.fbx using Guid(efc7be2dec3ce8b46965c7a0184e5aea) Importer(815301076,1909f56bfc062723c751e8b465ee728b)  -> (artifact id: 'd6064e6233775ef188b06f552ba6d505') in 0.102373 seconds 
========================================================================
Received Prepare
Registering precompiled user dll's ...
Registered in 0.009368 seconds.
Begin MonoManager ReloadAssembly
Symbol file LoadedFromMemory doesn't match image C:\Users\jvish\OneDrive\Pictures\Documents\HW2\GJ #2\Library\PackageCache\com.unity.visualscripting@1.7.8\Editor\VisualScripting.Core\Dependencies\YamlDotNet\Unity.VisualScripting.YamlDotNet.dll
Symbol file LoadedFromMemory doesn't match image C:\Users\jvish\OneDrive\Pictures\Documents\HW2\GJ #2\Library\PackageCache\com.unity.visualscripting@1.7.8\Editor\VisualScripting.Core\Dependencies\DotNetZip\Unity.VisualScripting.IonicZip.dll
Native extension for WindowsStandalone target not found
Refreshing native plugins compatible for Editor in 1.51 ms, found 3 plugins.
Preloading 0 native plugins for Editor in 0.00 ms.
Mono: successfully reloaded assembly
- Completed reload, in  2.554 seconds
Domain Reload Profiling:
	ReloadAssembly (2556ms)
		BeginReloadAssembly (205ms)
			ExecutionOrderSort (0ms)
			DisableScriptedObjects (6ms)
			BackupInstance (0ms)
			ReleaseScriptingObjects (0ms)
			CreateAndSetChildDomain (61ms)
		EndReloadAssembly (2184ms)
			LoadAssemblies (121ms)
			RebuildTransferFunctionScriptingTraits (0ms)
			SetupTypeCache (790ms)
			ReleaseScriptCaches (2ms)
			RebuildScriptCaches (130ms)
			SetupLoadedEditorAssemblies (940ms)
				LogAssemblyErrors (0ms)
				InitializePlatformSupportModulesInManaged (34ms)
				SetLoadedEditorAssemblies (1ms)
				RefreshPlugins (2ms)
				BeforeProcessingInitializeOnLoad (187ms)
				ProcessInitializeOnLoadAttributes (601ms)
				ProcessInitializeOnLoadMethodAttributes (89ms)
				AfterProcessingInitializeOnLoad (26ms)
				EditorAssembliesLoaded (0ms)
			ExecutionOrderSort2 (0ms)
			AwakeInstancesAfterBackupRestoration (30ms)
Platform modules already initialized, skipping
Refreshing native plugins compatible for Editor in 7.32 ms, found 3 plugins.
Preloading 0 native plugins for Editor in 0.00 ms.
Unloading 3382 Unused Serialized files (Serialized files now loaded: 0)
Unloading 20 unused Assets / (79.2 KB). Loaded Objects now: 3904.
Memory consumption went from 122.6 MB to 122.5 MB.
Total: 8.753900 ms (FindLiveObjects: 1.011000 ms CreateObjectMapping: 0.673600 ms MarkObjects: 6.860200 ms  DeleteObjects: 0.206300 ms)

AssetImportParameters requested are different than current active one (requested -> active):
  custom:video-decoder-ogg-theora: a1e56fd34408186e4bbccfd4996cb3dc -> 
  custom:container-muxer-webm: aa71ff27fc2769a1b78a27578f13a17b -> 
  custom:container-demuxer-webm: 4f35f7cbe854078d1ac9338744f61a02 -> 
  custom:video-encoder-webm-vp8: eb34c28f22e8b96e1ab97ce403110664 -> 
  custom:video-codec-MediaFoundation-h265: 746d11721c4dcdbdad8f713fa42b33f4 -> 
  custom:audio-encoder-webm-vorbis: bf7c407c2cedff20999df2af8eb42d56 -> 
  custom:framework-win-MediaFoundation: 216162199b28c13a410421893ffa2e32 -> 
  custom:container-demuxer-ogg: 62fdf1f143b41e24485cea50d1cbac27 -> 
  custom:video-decoder-webm-vp8: 9c59270c3fd7afecdb556c50c9e8de78 -> 
  custom:audio-decoder-ogg-vorbis: bf7c407c2cedff20999df2af8eb42d56 -> 
========================================================================
Received Import Request.
  Time since last request: 138.692065 seconds.
  path: Assets/Models/Platformer Kit/Kenney Platform Kit/jewel.fbx
  artifactKey: Guid(9f67660209b66c343b2dabbecf2973a0) Importer(815301076,1909f56bfc062723c751e8b465ee728b)
Start importing Assets/Models/Platformer Kit/Kenney Platform Kit/jewel.fbx using Guid(9f67660209b66c343b2dabbecf2973a0) Importer(815301076,1909f56bfc062723c751e8b465ee728b)  -> (artifact id: '8c4a8b9db9e3295d8b2c3a5ed55708a4') in 0.277645 seconds 
========================================================================
Received Import Request.
  Time since last request: 0.000059 seconds.
  path: Assets/Models/Platformer Kit/Kenney Platform Kit/modularBuildings_003.obj
  artifactKey: Guid(993a6232244eca04aaecb9e603e1bc54) Importer(815301076,1909f56bfc062723c751e8b465ee728b)
Start importing Assets/Models/Platformer Kit/Kenney Platform Kit/modularBuildings_003.obj using Guid(993a6232244eca04aaecb9e603e1bc54) Importer(815301076,1909f56bfc062723c751e8b465ee728b)  -> (artifact id: 'c8e937587b0c7f3f1348bf74bf839bb3') in 0.135632 seconds 
========================================================================
Received Import Request.
  Time since last request: 0.000044 seconds.
  path: Assets/Models/Platformer Kit/Kenney Platform Kit/modularBuildings_002.obj
  artifactKey: Guid(2cfd21c0fb2c987458d9f3c733515bb2) Importer(815301076,1909f56bfc062723c751e8b465ee728b)
Start importing Assets/Models/Platformer Kit/Kenney Platform Kit/modularBuildings_002.obj using Guid(2cfd21c0fb2c987458d9f3c733515bb2) Importer(815301076,1909f56bfc062723c751e8b465ee728b)  -> (artifact id: '199d4514a6472960ac384ac9ad485144') in 0.102402 seconds 
========================================================================
Received Import Request.
  Time since last request: 0.000032 seconds.
  path: Assets/Models/Platformer Kit/Kenney Platform Kit/ladderBroken.fbx
  artifactKey: Guid(ec16cd0f8bcba6e4e9d5280259dce3f6) Importer(815301076,1909f56bfc062723c751e8b465ee728b)
Start importing Assets/Models/Platformer Kit/Kenney Platform Kit/ladderBroken.fbx using Guid(ec16cd0f8bcba6e4e9d5280259dce3f6) Importer(815301076,1909f56bfc062723c751e8b465ee728b)  -> (artifact id: 'c52bf20a2c6219340aefbd8e6a21b81e') in 0.126355 seconds 
========================================================================
Received Prepare
Registering precompiled user dll's ...
Registered in 0.008912 seconds.
Begin MonoManager ReloadAssembly
Symbol file LoadedFromMemory doesn't match image C:\Users\jvish\OneDrive\Pictures\Documents\HW2\GJ #2\Library\PackageCache\com.unity.visualscripting@1.7.8\Editor\VisualScripting.Core\Dependencies\YamlDotNet\Unity.VisualScripting.YamlDotNet.dll
Symbol file LoadedFromMemory doesn't match image C:\Users\jvish\OneDrive\Pictures\Documents\HW2\GJ #2\Library\PackageCache\com.unity.visualscripting@1.7.8\Editor\VisualScripting.Core\Dependencies\DotNetZip\Unity.VisualScripting.IonicZip.dll
Native extension for WindowsStandalone target not found
Refreshing native plugins compatible for Editor in 1.47 ms, found 3 plugins.
Preloading 0 native plugins for Editor in 0.00 ms.
Mono: successfully reloaded assembly
- Completed reload, in  2.617 seconds
Domain Reload Profiling:
	ReloadAssembly (2620ms)
		BeginReloadAssembly (203ms)
			ExecutionOrderSort (0ms)
			DisableScriptedObjects (11ms)
			BackupInstance (0ms)
			ReleaseScriptingObjects (0ms)
			CreateAndSetChildDomain (46ms)
		EndReloadAssembly (2233ms)
			LoadAssemblies (142ms)
			RebuildTransferFunctionScriptingTraits (0ms)
			SetupTypeCache (865ms)
			ReleaseScriptCaches (2ms)
			RebuildScriptCaches (128ms)
			SetupLoadedEditorAssemblies (916ms)
				LogAssemblyErrors (0ms)
				InitializePlatformSupportModulesInManaged (43ms)
				SetLoadedEditorAssemblies (1ms)
				RefreshPlugins (2ms)
				BeforeProcessingInitializeOnLoad (178ms)
				ProcessInitializeOnLoadAttributes (579ms)
				ProcessInitializeOnLoadMethodAttributes (87ms)
				AfterProcessingInitializeOnLoad (25ms)
				EditorAssembliesLoaded (0ms)
			ExecutionOrderSort2 (0ms)
			AwakeInstancesAfterBackupRestoration (24ms)
Platform modules already initialized, skipping
Refreshing native plugins compatible for Editor in 6.71 ms, found 3 plugins.
Preloading 0 native plugins for Editor in 0.00 ms.
Unloading 3382 Unused Serialized files (Serialized files now loaded: 0)
Unloading 20 unused Assets / (79.1 KB). Loaded Objects now: 3907.
Memory consumption went from 122.6 MB to 122.5 MB.
Total: 9.300000 ms (FindLiveObjects: 0.982900 ms CreateObjectMapping: 0.490500 ms MarkObjects: 7.499900 ms  DeleteObjects: 0.319200 ms)

AssetImportParameters requested are different than current active one (requested -> active):
  custom:video-decoder-ogg-theora: a1e56fd34408186e4bbccfd4996cb3dc -> 
  custom:container-muxer-webm: aa71ff27fc2769a1b78a27578f13a17b -> 
  custom:container-demuxer-webm: 4f35f7cbe854078d1ac9338744f61a02 -> 
  custom:video-encoder-webm-vp8: eb34c28f22e8b96e1ab97ce403110664 -> 
  custom:video-codec-MediaFoundation-h265: 746d11721c4dcdbdad8f713fa42b33f4 -> 
  custom:audio-encoder-webm-vorbis: bf7c407c2cedff20999df2af8eb42d56 -> 
  custom:framework-win-MediaFoundation: 216162199b28c13a410421893ffa2e32 -> 
  custom:container-demuxer-ogg: 62fdf1f143b41e24485cea50d1cbac27 -> 
  custom:video-decoder-webm-vp8: 9c59270c3fd7afecdb556c50c9e8de78 -> 
  custom:audio-decoder-ogg-vorbis: bf7c407c2cedff20999df2af8eb42d56 -> 
========================================================================
Received Prepare
Registering precompiled user dll's ...
Registered in 0.012359 seconds.
Begin MonoManager ReloadAssembly
Symbol file LoadedFromMemory doesn't match image C:\Users\jvish\OneDrive\Pictures\Documents\HW2\GJ #2\Library\PackageCache\com.unity.visualscripting@1.7.8\Editor\VisualScripting.Core\Dependencies\YamlDotNet\Unity.VisualScripting.YamlDotNet.dll
Symbol file LoadedFromMemory doesn't match image C:\Users\jvish\OneDrive\Pictures\Documents\HW2\GJ #2\Library\PackageCache\com.unity.visualscripting@1.7.8\Editor\VisualScripting.Core\Dependencies\DotNetZip\Unity.VisualScripting.IonicZip.dll
Native extension for WindowsStandalone target not found
Refreshing native plugins compatible for Editor in 2.28 ms, found 3 plugins.
Preloading 0 native plugins for Editor in 0.00 ms.
Mono: successfully reloaded assembly
- Completed reload, in  2.697 seconds
Domain Reload Profiling:
	ReloadAssembly (2700ms)
		BeginReloadAssembly (211ms)
			ExecutionOrderSort (0ms)
			DisableScriptedObjects (11ms)
			BackupInstance (0ms)
			ReleaseScriptingObjects (0ms)
			CreateAndSetChildDomain (55ms)
		EndReloadAssembly (2329ms)
			LoadAssemblies (133ms)
			RebuildTransferFunctionScriptingTraits (0ms)
			SetupTypeCache (790ms)
			ReleaseScriptCaches (4ms)
			RebuildScriptCaches (159ms)
			SetupLoadedEditorAssemblies (1005ms)
				LogAssemblyErrors (0ms)
				InitializePlatformSupportModulesInManaged (53ms)
				SetLoadedEditorAssemblies (1ms)
				RefreshPlugins (3ms)
				BeforeProcessingInitializeOnLoad (228ms)
				ProcessInitializeOnLoadAttributes (604ms)
				ProcessInitializeOnLoadMethodAttributes (90ms)
				AfterProcessingInitializeOnLoad (27ms)
				EditorAssembliesLoaded (1ms)
			ExecutionOrderSort2 (0ms)
			AwakeInstancesAfterBackupRestoration (24ms)
Platform modules already initialized, skipping
Refreshing native plugins compatible for Editor in 7.93 ms, found 3 plugins.
Preloading 0 native plugins for Editor in 0.00 ms.
Unloading 3382 Unused Serialized files (Serialized files now loaded: 0)
Unloading 20 unused Assets / (79.2 KB). Loaded Objects now: 3910.
Memory consumption went from 122.6 MB to 122.5 MB.
Total: 8.417400 ms (FindLiveObjects: 0.477800 ms CreateObjectMapping: 0.402800 ms MarkObjects: 7.383900 ms  DeleteObjects: 0.151000 ms)

AssetImportParameters requested are different than current active one (requested -> active):
  custom:video-decoder-ogg-theora: a1e56fd34408186e4bbccfd4996cb3dc -> 
  custom:container-muxer-webm: aa71ff27fc2769a1b78a27578f13a17b -> 
  custom:container-demuxer-webm: 4f35f7cbe854078d1ac9338744f61a02 -> 
  custom:video-encoder-webm-vp8: eb34c28f22e8b96e1ab97ce403110664 -> 
  custom:video-codec-MediaFoundation-h265: 746d11721c4dcdbdad8f713fa42b33f4 -> 
  custom:audio-encoder-webm-vorbis: bf7c407c2cedff20999df2af8eb42d56 -> 
  custom:framework-win-MediaFoundation: 216162199b28c13a410421893ffa2e32 -> 
  custom:container-demuxer-ogg: 62fdf1f143b41e24485cea50d1cbac27 -> 
  custom:video-decoder-webm-vp8: 9c59270c3fd7afecdb556c50c9e8de78 -> 
  custom:audio-decoder-ogg-vorbis: bf7c407c2cedff20999df2af8eb42d56 -> 
